917600 execve("../../target/release/scmm-enforce", ["../../target/release/scmm-enforce", "-v", "-p", "nginx.scmm-pol", "nginx", "-p", ".", "-c", "nginx.conf"], 0x7ffdd3c4f298 /* 46 vars */) = 0
917600 brk(NULL)                        = 0x61b22ce11000
917600 mmap(NULL, 8192, PROT_READ|PROT_WRITE, MAP_PRIVATE|MAP_ANONYMOUS, -1, 0) = 0x76727e823000
917600 access("/etc/ld.so.preload", R_OK) = -1 ENOENT (No such file or directory)
917600 openat(AT_FDCWD, "/etc/ld.so.cache", O_RDONLY|O_CLOEXEC) = 3
917600 fstat(3, {st_mode=S_IFREG|0644, st_size=98403, ...}) = 0
917600 mmap(NULL, 98403, PROT_READ, MAP_PRIVATE, 3, 0) = 0x76727e80a000
917600 close(3)                         = 0
917600 openat(AT_FDCWD, "/lib/x86_64-linux-gnu/libgcc_s.so.1", O_RDONLY|O_CLOEXEC) = 3
917600 read(3, "\177ELF\2\1\1\0\0\0\0\0\0\0\0\0\3\0>\0\1\0\0\0\0\0\0\0\0\0\0\0@\0\0\0\0\0\0\0000\303\2\0\0\0\0\0\0\0\0\0@\08\0\f\0@\0\37\0\36\0\1\0\0\0\4\0\0\0\0\0\0\0\0\0\0\0\0\0\0\0\0\0\0\0\0\0\0\0\0\0\0\0\3406\0\0\0\0\0\0\3406\0\0\0\0\0\0\0\20\0\0\0\0\0\0\1\0\0\0\5\0\0\0\0@\0\0\0\0\0\0\0@\0\0\0\0\0\0\0@\0\0\0\0\0\0U7\2\0\0\0\0\0U7\2\0\0\0\0\0\0\20\0\0\0\0\0\0\1\0\0\0\4\0\0\0\0\200\2\0\0\0\0\0\0\200\2\0\0\0\0\0\0\200\2\0\0\0\0\0\0;\0\0\0\0\0\0\0;\0\0\0\0\0\0\0\20\0\0\0\0\0\0\1\0\0\0\6\0\0\0\220\275\2\0\0\0\0\0\220\315\2\0\0\0\0\0\220\315\2\0\0\0\0\0@\4\0\0\0\0\0\0\30\6\0\0\0\0\0\0\0\20\0\0\0\0\0\0\2\0\0\0\6\0\0\0\260\275\2\0\0\0\0\0\260\315\2\0\0\0\0\0\260\315\2\0\0\0\0\0\0\2\0\0\0\0\0\0\0\2\0\0\0\0\0\0\10\0\0\0\0\0\0\0\4\0\0\0\4\0\0\0\340\2\0\0\0\0\0\0\340\2\0\0\0\0\0\0\340\2\0\0\0\0\0\0 \0\0\0\0\0\0\0 \0\0\0\0\0\0\0\10\0\0\0\0\0\0\0\4\0\0\0\4\0\0\0\0\3\0\0\0\0\0\0\0\3\0\0\0\0\0\0\0\3\0\0\0\0\0\0\234\0\0\0\0\0\0\0\234\0\0\0\0\0\0\0\4\0\0\0\0\0\0\0\7\0\0\0\4\0\0\0\220\275\2\0\0\0\0\0\220\315\2\0\0\0\0\0\220\315\2\0\0\0\0\0\0\0\0\0\0\0\0\0\10\0\0\0\0\0\0\0\10\0\0\0\0\0\0\0S\345td\4\0\0\0\340\2\0\0\0\0\0\0\340\2\0\0\0\0\0\0\340\2\0\0\0\0\0\0 \0\0\0\0\0\0\0 \0\0\0\0\0\0\0\10\0\0\0\0\0\0\0P\345td\4\0\0\0D\213\2\0\0\0\0\0D\213\2\0\0\0\0\0D\213\2\0\0\0\0\0$\10\0\0\0\0\0\0$\10\0\0\0\0\0\0\4\0\0\0\0\0\0\0Q\345td\6\0\0\0\0\0\0\0\0\0\0\0\0\0\0\0\0\0\0\0\0\0\0\0\0\0\0\0\0\0\0\0\0\0\0\0\0\0\0\0\0\0\0\0\20\0\0\0\0\0\0\0R\345td\4\0\0\0\220\275\2\0\0\0\0\0\220\315\2\0\0\0\0\0\220\315\2\0\0\0\0\0p\2\0\0\0\0\0\0p\2\0\0\0\0\0\0\1\0\0\0\0\0\0\0\4\0\0\0\20\0\0\0\5\0\0\0GNU\0\2\0\0\300\4\0\0\0\3\0\0\0\0\0\0\0\4\0\0\0\24\0\0\0\3\0\0\0GNU\0000rDR\210\335*\2724\213\365\203\306_pP\232\253\201A\4\0\0\0h\0\0\0~\32\376\312FDO\0{\"type\":\"deb", 832) = 832
917600 fstat(3, {st_mode=S_IFREG|0644, st_size=183024, ...}) = 0
917600 mmap(NULL, 185256, PROT_READ, MAP_PRIVATE|MAP_DENYWRITE, 3, 0) = 0x76727e7dc000
917600 mmap(0x76727e7e0000, 147456, PROT_READ|PROT_EXEC, MAP_PRIVATE|MAP_FIXED|MAP_DENYWRITE, 3, 0x4000) = 0x76727e7e0000
917600 mmap(0x76727e804000, 16384, PROT_READ, MAP_PRIVATE|MAP_FIXED|MAP_DENYWRITE, 3, 0x28000) = 0x76727e804000
917600 mmap(0x76727e808000, 8192, PROT_READ|PROT_WRITE, MAP_PRIVATE|MAP_FIXED|MAP_DENYWRITE, 3, 0x2b000) = 0x76727e808000
917600 close(3)                         = 0
917600 openat(AT_FDCWD, "/lib/x86_64-linux-gnu/libc.so.6", O_RDONLY|O_CLOEXEC) = 3
917600 read(3, "\177ELF\2\1\1\3\0\0\0\0\0\0\0\0\3\0>\0\1\0\0\0\220\243\2\0\0\0\0\0@\0\0\0\0\0\0\0\20^ \0\0\0\0\0\0\0\0\0@\08\0\16\0@\0@\0?\0\6\0\0\0\4\0\0\0@\0\0\0\0\0\0\0@\0\0\0\0\0\0\0@\0\0\0\0\0\0\0\20\3\0\0\0\0\0\0\20\3\0\0\0\0\0\0\10\0\0\0\0\0\0\0\3\0\0\0\4\0\0\0\240g\35\0\0\0\0\0\240g\35\0\0\0\0\0\240g\35\0\0\0\0\0\34\0\0\0\0\0\0\0\34\0\0\0\0\0\0\0\20\0\0\0\0\0\0\0\1\0\0\0\4\0\0\0\0\0\0\0\0\0\0\0\0\0\0\0\0\0\0\0\0\0\0\0\0\0\0\0\220s\2\0\0\0\0\0\220s\2\0\0\0\0\0\0\20\0\0\0\0\0\0\1\0\0\0\5\0\0\0\0\200\2\0\0\0\0\0\0\200\2\0\0\0\0\0\0\200\2\0\0\0\0\09}\30\0\0\0\0\09}\30\0\0\0\0\0\0\20\0\0\0\0\0\0\1\0\0\0\4\0\0\0\0\0\33\0\0\0\0\0\0\0\33\0\0\0\0\0\0\0\33\0\0\0\0\0\202\340\4\0\0\0\0\0\202\340\4\0\0\0\0\0\0\20\0\0\0\0\0\0\1\0\0\0\6\0\0\0`\354\37\0\0\0\0\0`\374\37\0\0\0\0\0`\374\37\0\0\0\0\0hJ\0\0\0\0\0\0000!\1\0\0\0\0\0\0\20\0\0\0\0\0\0\2\0\0\0\6\0\0\0@\31 \0\0\0\0\0@) \0\0\0\0\0@) \0\0\0\0\0@\2\0\0\0\0\0\0@\2\0\0\0\0\0\0\10\0\0\0\0\0\0\0\4\0\0\0\4\0\0\0P\3\0\0\0\0\0\0P\3\0\0\0\0\0\0P\3\0\0\0\0\0\0000\0\0\0\0\0\0\0000\0\0\0\0\0\0\0\10\0\0\0\0\0\0\0\4\0\0\0\4\0\0\0\200\3\0\0\0\0\0\0\200\3\0\0\0\0\0\0\200\3\0\0\0\0\0\0D\0\0\0\0\0\0\0D\0\0\0\0\0\0\0\4\0\0\0\0\0\0\0\7\0\0\0\4\0\0\0`\354\37\0\0\0\0\0`\374\37\0\0\0\0\0`\374\37\0\0\0\0\0\20\0\0\0\0\0\0\0\210\0\0\0\0\0\0\0\10\0\0\0\0\0\0\0S\345td\4\0\0\0P\3\0\0\0\0\0\0P\3\0\0\0\0\0\0P\3\0\0\0\0\0\0000\0\0\0\0\0\0\0000\0\0\0\0\0\0\0\10\0\0\0\0\0\0\0P\345td\4\0\0\0\274g\35\0\0\0\0\0\274g\35\0\0\0\0\0\274g\35\0\0\0\0\0lv\0\0\0\0\0\0lv\0\0\0\0\0\0\4\0\0\0\0\0\0\0Q\345td\6\0\0\0\0\0\0\0\0\0\0\0\0\0\0\0\0\0\0\0\0\0\0\0\0\0\0\0\0\0\0\0\0\0\0\0\0\0\0\0\0\0\0\0\20\0\0\0\0\0\0\0R\345td\4\0\0\0`\354\37\0\0\0\0\0`\374\37\0\0\0\0\0`\374\37\0\0\0\0\0\2403\0\0\0\0\0\0", 832) = 832
917600 pread64(3, "\6\0\0\0\4\0\0\0@\0\0\0\0\0\0\0@\0\0\0\0\0\0\0@\0\0\0\0\0\0\0\20\3\0\0\0\0\0\0\20\3\0\0\0\0\0\0\10\0\0\0\0\0\0\0\3\0\0\0\4\0\0\0\240g\35\0\0\0\0\0\240g\35\0\0\0\0\0\240g\35\0\0\0\0\0\34\0\0\0\0\0\0\0\34\0\0\0\0\0\0\0\20\0\0\0\0\0\0\0\1\0\0\0\4\0\0\0\0\0\0\0\0\0\0\0\0\0\0\0\0\0\0\0\0\0\0\0\0\0\0\0\220s\2\0\0\0\0\0\220s\2\0\0\0\0\0\0\20\0\0\0\0\0\0\1\0\0\0\5\0\0\0\0\200\2\0\0\0\0\0\0\200\2\0\0\0\0\0\0\200\2\0\0\0\0\09}\30\0\0\0\0\09}\30\0\0\0\0\0\0\20\0\0\0\0\0\0\1\0\0\0\4\0\0\0\0\0\33\0\0\0\0\0\0\0\33\0\0\0\0\0\0\0\33\0\0\0\0\0\202\340\4\0\0\0\0\0\202\340\4\0\0\0\0\0\0\20\0\0\0\0\0\0\1\0\0\0\6\0\0\0`\354\37\0\0\0\0\0`\374\37\0\0\0\0\0`\374\37\0\0\0\0\0hJ\0\0\0\0\0\0000!\1\0\0\0\0\0\0\20\0\0\0\0\0\0\2\0\0\0\6\0\0\0@\31 \0\0\0\0\0@) \0\0\0\0\0@) \0\0\0\0\0@\2\0\0\0\0\0\0@\2\0\0\0\0\0\0\10\0\0\0\0\0\0\0\4\0\0\0\4\0\0\0P\3\0\0\0\0\0\0P\3\0\0\0\0\0\0P\3\0\0\0\0\0\0000\0\0\0\0\0\0\0000\0\0\0\0\0\0\0\10\0\0\0\0\0\0\0\4\0\0\0\4\0\0\0\200\3\0\0\0\0\0\0\200\3\0\0\0\0\0\0\200\3\0\0\0\0\0\0D\0\0\0\0\0\0\0D\0\0\0\0\0\0\0\4\0\0\0\0\0\0\0\7\0\0\0\4\0\0\0`\354\37\0\0\0\0\0`\374\37\0\0\0\0\0`\374\37\0\0\0\0\0\20\0\0\0\0\0\0\0\210\0\0\0\0\0\0\0\10\0\0\0\0\0\0\0S\345td\4\0\0\0P\3\0\0\0\0\0\0P\3\0\0\0\0\0\0P\3\0\0\0\0\0\0000\0\0\0\0\0\0\0000\0\0\0\0\0\0\0\10\0\0\0\0\0\0\0P\345td\4\0\0\0\274g\35\0\0\0\0\0\274g\35\0\0\0\0\0\274g\35\0\0\0\0\0lv\0\0\0\0\0\0lv\0\0\0\0\0\0\4\0\0\0\0\0\0\0Q\345td\6\0\0\0\0\0\0\0\0\0\0\0\0\0\0\0\0\0\0\0\0\0\0\0\0\0\0\0\0\0\0\0\0\0\0\0\0\0\0\0\0\0\0\0\20\0\0\0\0\0\0\0R\345td\4\0\0\0`\354\37\0\0\0\0\0`\374\37\0\0\0\0\0`\374\37\0\0\0\0\0\2403\0\0\0\0\0\0\2403\0\0\0\0\0\0\1\0\0\0\0\0\0\0", 784, 64) = 784
917600 fstat(3, {st_mode=S_IFREG|0755, st_size=2125328, ...}) = 0
917600 pread64(3, "\6\0\0\0\4\0\0\0@\0\0\0\0\0\0\0@\0\0\0\0\0\0\0@\0\0\0\0\0\0\0\20\3\0\0\0\0\0\0\20\3\0\0\0\0\0\0\10\0\0\0\0\0\0\0\3\0\0\0\4\0\0\0\240g\35\0\0\0\0\0\240g\35\0\0\0\0\0\240g\35\0\0\0\0\0\34\0\0\0\0\0\0\0\34\0\0\0\0\0\0\0\20\0\0\0\0\0\0\0\1\0\0\0\4\0\0\0\0\0\0\0\0\0\0\0\0\0\0\0\0\0\0\0\0\0\0\0\0\0\0\0\220s\2\0\0\0\0\0\220s\2\0\0\0\0\0\0\20\0\0\0\0\0\0\1\0\0\0\5\0\0\0\0\200\2\0\0\0\0\0\0\200\2\0\0\0\0\0\0\200\2\0\0\0\0\09}\30\0\0\0\0\09}\30\0\0\0\0\0\0\20\0\0\0\0\0\0\1\0\0\0\4\0\0\0\0\0\33\0\0\0\0\0\0\0\33\0\0\0\0\0\0\0\33\0\0\0\0\0\202\340\4\0\0\0\0\0\202\340\4\0\0\0\0\0\0\20\0\0\0\0\0\0\1\0\0\0\6\0\0\0`\354\37\0\0\0\0\0`\374\37\0\0\0\0\0`\374\37\0\0\0\0\0hJ\0\0\0\0\0\0000!\1\0\0\0\0\0\0\20\0\0\0\0\0\0\2\0\0\0\6\0\0\0@\31 \0\0\0\0\0@) \0\0\0\0\0@) \0\0\0\0\0@\2\0\0\0\0\0\0@\2\0\0\0\0\0\0\10\0\0\0\0\0\0\0\4\0\0\0\4\0\0\0P\3\0\0\0\0\0\0P\3\0\0\0\0\0\0P\3\0\0\0\0\0\0000\0\0\0\0\0\0\0000\0\0\0\0\0\0\0\10\0\0\0\0\0\0\0\4\0\0\0\4\0\0\0\200\3\0\0\0\0\0\0\200\3\0\0\0\0\0\0\200\3\0\0\0\0\0\0D\0\0\0\0\0\0\0D\0\0\0\0\0\0\0\4\0\0\0\0\0\0\0\7\0\0\0\4\0\0\0`\354\37\0\0\0\0\0`\374\37\0\0\0\0\0`\374\37\0\0\0\0\0\20\0\0\0\0\0\0\0\210\0\0\0\0\0\0\0\10\0\0\0\0\0\0\0S\345td\4\0\0\0P\3\0\0\0\0\0\0P\3\0\0\0\0\0\0P\3\0\0\0\0\0\0000\0\0\0\0\0\0\0000\0\0\0\0\0\0\0\10\0\0\0\0\0\0\0P\345td\4\0\0\0\274g\35\0\0\0\0\0\274g\35\0\0\0\0\0\274g\35\0\0\0\0\0lv\0\0\0\0\0\0lv\0\0\0\0\0\0\4\0\0\0\0\0\0\0Q\345td\6\0\0\0\0\0\0\0\0\0\0\0\0\0\0\0\0\0\0\0\0\0\0\0\0\0\0\0\0\0\0\0\0\0\0\0\0\0\0\0\0\0\0\0\20\0\0\0\0\0\0\0R\345td\4\0\0\0`\354\37\0\0\0\0\0`\374\37\0\0\0\0\0`\374\37\0\0\0\0\0\2403\0\0\0\0\0\0\2403\0\0\0\0\0\0\1\0\0\0\0\0\0\0", 784, 64) = 784
917600 mmap(NULL, 2170256, PROT_READ, MAP_PRIVATE|MAP_DENYWRITE, 3, 0) = 0x76727e400000
917600 mmap(0x76727e428000, 1605632, PROT_READ|PROT_EXEC, MAP_PRIVATE|MAP_FIXED|MAP_DENYWRITE, 3, 0x28000) = 0x76727e428000
917600 mmap(0x76727e5b0000, 323584, PROT_READ, MAP_PRIVATE|MAP_FIXED|MAP_DENYWRITE, 3, 0x1b0000) = 0x76727e5b0000
917600 mmap(0x76727e5ff000, 24576, PROT_READ|PROT_WRITE, MAP_PRIVATE|MAP_FIXED|MAP_DENYWRITE, 3, 0x1fe000) = 0x76727e5ff000
917600 mmap(0x76727e605000, 52624, PROT_READ|PROT_WRITE, MAP_PRIVATE|MAP_FIXED|MAP_ANONYMOUS, -1, 0) = 0x76727e605000
917600 close(3)                         = 0
917600 mmap(NULL, 12288, PROT_READ|PROT_WRITE, MAP_PRIVATE|MAP_ANONYMOUS, -1, 0) = 0x76727e7d9000
917600 arch_prctl(ARCH_SET_FS, 0x76727e7d9800) = 0
917600 set_tid_address(0x76727e7d9ad0)  = 917600
917600 set_robust_list(0x76727e7d9ae0, 24) = 0
917600 rseq(0x76727e7da120, 0x20, 0, 0x53053053) = 0
917600 mprotect(0x76727e5ff000, 16384, PROT_READ) = 0
917600 mprotect(0x76727e808000, 4096, PROT_READ) = 0
917600 mprotect(0x61b20553a000, 45056, PROT_READ) = 0
917600 mprotect(0x76727e861000, 8192, PROT_READ) = 0
917600 prlimit64(0, RLIMIT_STACK, NULL, {rlim_cur=8192*1024, rlim_max=RLIM64_INFINITY}) = 0
917600 munmap(0x76727e80a000, 98403)    = 0
917600 poll([{fd=0, events=0}, {fd=1, events=0}, {fd=2, events=0}], 3, 0) = 0 (Timeout)
917600 rt_sigaction(SIGPIPE, {sa_handler=SIG_IGN, sa_mask=[PIPE], sa_flags=SA_RESTORER|SA_RESTART, sa_restorer=0x76727e445330}, {sa_handler=SIG_DFL, sa_mask=[], sa_flags=0}, 8) = 0
917600 getrandom("\x24\x14\x75\xee\xc2\x26\x3a\x0c", 8, GRND_NONBLOCK) = 8
917600 brk(NULL)                        = 0x61b22ce11000
917600 brk(0x61b22ce32000)              = 0x61b22ce32000
917600 openat(AT_FDCWD, "/proc/self/maps", O_RDONLY|O_CLOEXEC) = 3
917600 prlimit64(0, RLIMIT_STACK, NULL, {rlim_cur=8192*1024, rlim_max=RLIM64_INFINITY}) = 0
917600 fstat(3, {st_mode=S_IFREG|0444, st_size=0, ...}) = 0
917600 read(3, "61b205440000-61b205475000 r--p 00000000 08:01 8816533                    /home/v/scmm/target/release/scmm-enforce\n61b205475000-61b20553a000 r-xp 00034000 08:01 8816533                    /home/v/scmm/target/release/scmm-enforce\n61b20553a000-61b205545000 r--p 000f8000 08:01 8816533                    /home/v/scmm/target/release/scmm-enforce\n61b205545000-61b205546000 rw-p 00102000 08:01 8816533                    /home/v/scmm/target/release/scmm-enforce\n61b22ce11000-61b22ce32000 rw-p 00000000 00:00 0                          [heap]\n76727e400000-76727e428000 r--p 00000000 08:01 50884416                   /usr/lib/x86_64-linux-gnu/libc.so.6\n76727e428000-76727e5b0000 r-xp 00028000 08:01 50884416                   /usr/lib/x86_64-linux-gnu/libc.so.6\n76727e5b0000-76727e5ff000 r--p 001b0000 08:01 50884416                   /usr/lib/x86_64-linux-gnu/libc.so.6\n76727e5ff000-76727e603000 r--p 001fe000 08:01 50884416                   /usr/lib/x86_64-linux-gnu/libc.so.6\n76727e603000-76727e605000 rw-p 00202000 08:01 508844", 1024) = 1024
917600 read(3, "16                   /usr/lib/x86_64-linux-gnu/libc.so.6\n76727e605000-76727e612000 rw-p 00000000 00:00 0 \n76727e7d9000-76727e7dc000 rw-p 00000000 00:00 0 \n76727e7dc000-76727e7e0000 r--p 00000000 08:01 50865547                   /usr/lib/x86_64-linux-gnu/libgcc_s.so.1\n76727e7e0000-76727e804000 r-xp 00004000 08:01 50865547                   /usr/lib/x86_64-linux-gnu/libgcc_s.so.1\n76727e804000-76727e808000 r--p 00028000 08:01 50865547                   /usr/lib/x86_64-linux-gnu/libgcc_s.so.1\n76727e808000-76727e809000 r--p 0002b000 08:01 50865547                   /usr/lib/x86_64-linux-gnu/libgcc_s.so.1\n76727e809000-76727e80a000 rw-p 0002c000 08:01 50865547                   /usr/lib/x86_64-linux-gnu/libgcc_s.so.1\n76727e823000-76727e825000 rw-p 00000000 00:00 0 \n76727e825000-76727e827000 r--p 00000000 00:00 0                          [vvar]\n76727e827000-76727e829000 r--p 00000000 00:00 0                          [vvar_vclock]\n76727e829000-76727e82b000 r-xp 00000000 00:00 0                          [vdso]\n76727e82", 1024) = 1024
917600 read(3, "b000-76727e82c000 r--p 00000000 08:01 50884413                   /usr/lib/x86_64-linux-gnu/ld-linux-x86-64.so.2\n76727e82c000-76727e857000 r-xp 00001000 08:01 50884413                   /usr/lib/x86_64-linux-gnu/ld-linux-x86-64.so.2\n76727e857000-76727e861000 r--p 0002c000 08:01 50884413                   /usr/lib/x86_64-linux-gnu/ld-linux-x86-64.so.2\n76727e861000-76727e863000 r--p 00036000 08:01 50884413                   /usr/lib/x86_64-linux-gnu/ld-linux-x86-64.so.2\n76727e863000-76727e865000 rw-p 00038000 08:01 50884413                   /usr/lib/x86_64-linux-gnu/ld-linux-x86-64.so.2\n7ffed25e3000-7ffed2604000 rw-p 00000000 00:00 0                          [stack]\nffffffffff600000-ffffffffff601000 --xp 00000000 00:00 0                  [vsyscall]\n", 1024) = 757
917600 close(3)                         = 0
917600 sched_getaffinity(917600, 32, [0 1 2 3 4 5 6 7 8 9 10 11 12 13 14 15 16 17 18 19 20 21 22 23 24 25 26 27 28 29 30 31]) = 8
917600 rt_sigaction(SIGSEGV, NULL, {sa_handler=SIG_DFL, sa_mask=[], sa_flags=0}, 8) = 0
917600 sigaltstack(NULL, {ss_sp=NULL, ss_flags=SS_DISABLE, ss_size=0}) = 0
917600 mmap(NULL, 12288, PROT_READ|PROT_WRITE, MAP_PRIVATE|MAP_ANONYMOUS|MAP_STACK, -1, 0) = 0x76727e820000
917600 mprotect(0x76727e820000, 4096, PROT_NONE) = 0
917600 sigaltstack({ss_sp=0x76727e821000, ss_flags=0, ss_size=8192}, NULL) = 0
917600 rt_sigaction(SIGSEGV, {sa_handler=0x61b20552cc30, sa_mask=[], sa_flags=SA_RESTORER|SA_ONSTACK|SA_SIGINFO, sa_restorer=0x76727e445330}, NULL, 8) = 0
917600 rt_sigaction(SIGBUS, NULL, {sa_handler=SIG_DFL, sa_mask=[], sa_flags=0}, 8) = 0
917600 rt_sigaction(SIGBUS, {sa_handler=0x61b20552cc30, sa_mask=[], sa_flags=SA_RESTORER|SA_ONSTACK|SA_SIGINFO, sa_restorer=0x76727e445330}, NULL, 8) = 0
917600 write(1, "\33[2m2026-02-08T17:22:57.992991Z\33[0m \33[32m INFO\33[0m SysCallMeMaybe Enforcer\n", 75) = 75
917600 write(1, "\33[2m2026-02-08T17:22:57.993104Z\33[0m \33[32m INFO\33[0m Policy: nginx.scmm-pol\n", 74) = 74
917600 write(1, "\33[2m2026-02-08T17:22:57.993184Z\33[0m \33[32m INFO\33[0m Mode: Standard\n", 66) = 66
917600 write(1, "\33[2m2026-02-08T17:22:57.993264Z\33[0m \33[32m INFO\33[0m Command: nginx -p . -c nginx.conf\n", 85) = 85
917600 openat(AT_FDCWD, "nginx.scmm-pol", O_RDONLY|O_CLOEXEC) = 3
917600 read(3, "SCMMPOL\0\1\0>\0\0\300\23\0\0\0B\0\0\0\30\2\0\0Z\2\0\0\273\0\0\0\25\3\0\0G\2\0\0\\\5\0\0\10\0\0\0\0\0\0\0\0\0\0\0\0\0\0\0\0\0\0\0", 66) = 66
917600 read(3, " \0\0\0\4\0\0\0\25\0\1\0>\0\0\300\6\0\0\0\0\0\0\200 \0\0\0\0\0\0\0\25\0=\0\17\0\0\0\25\0<\0S\0\0\0\25\0;\0\25\0\0\0\25\0:\0\n\0\0\0\25\09\0 \1\0\0\25\08\0\312\0\0\0\25\0007\0\272\0\0\0\25\0006\0\f\0\0\0\25\0005\0B\1\0\0\25\0004\0\1\1\0\0\25\0003\0\1\0\0\0\25\0002\0\351\0\0\0\25\0001\0W\0\0\0\25\0000\0\332\0\0\0\25\0/\0&\0\0\0\25\0.\0>\1\0\0\25\0-\0;\0\0\0\25\0,\0\235\0\0\0\25\0+\0\5\0\0\0\25\0*\0\350\0\0\0\25\0)\0\347\0\0\0\25\0(\0-\0\0\0\25\0'\0\24\0\0\0\25\0&\0'\0\0\0\25\0%\0\275\1\0\0\25\0$\0\202\0\0\0\25\0#\08\0\0\0\25\0\"\0\274\1\0\0\25\0!\0\0\0\0\0\25\0 \0\t\0\0\0\25\0\37\0\21\0\0\0\25\0\36\0(\0\0\0\25\0\35\0H\0\0\0\25\0\34\0)\0\0\0\25\0\33\0\r\0\0\0\25\0\32\0.\0\0\0\25\0\31\0\325\0\0\0\25\0\30\0/\0\0\0\25\0\27\0k\0\0\0\25\0\26\0006\0\0\0\25\0\25\0\236\0\0\0\25\0\24\0\"\1\0\0\25\0\23\0<\0\0\0\25\0\22\0002\0\0\0\25\0\21\0.\1\0\0\25\0\20\0\6\1\0\0\25\0\17\0\276\1\0\0\25\0\16\0N\1\0\0\25\0\r\0\21\1\0\0\25\0\f\0\16\0\0\0\25\0\v\0\22\0\0\0\25\0\n\0=\0\0\0\25\0\t\0005\0\0\0\25\0\10\0\v\0\0\0\25\0\7\0\3\0\0\0\25\0\6\0001\0\0\0\25\0\5\0\10\0\0\0\25\0\4\0\20\0\0\0\25\0\3\0?\0\0\0\25\0\2\0n\0\0\0\6\0\0\0\1\0\5\0\6\0\0\0\1\0\5\0\6\0\0\0\0\0\377\177", 536) = 536
917600 read(3, "\1\5\0\0\0\0\0\0\0\0\0\1\4\0\0\0\0\0\0\0\1\0\1\4\0\0\0\0\0\0\0\2\0\1\6\1\0\0\0\0\0\0\3\0\1\4\0\0\0\0\0\0\0\4\0\1\4\0\0\0\0\0\0\0\5\0\1&A\0\0\0\0\0\0\6\0\1\5\0\0\0\0\0\0\0\7\0\1\5\0\0\0\0\0\0\0\10\0\1\5\0\0\0\0\0\0\0\t\0\1\5\0\0\0\0\0\0\0\n\0\1\5\0\0\0\0\0\0\0\v\0\1\5\0\0\0\0\0\0\0\f\0\1\4\0\0\0\0\0\0\0\r\0\1\4\0\0\0\0\0\0\0\16\0\1\4\0\0\0\0\0\0\0\17\0\1\5\0\0\0\0\0\0\0\20\0", 187) = 187
917600 read(3, "\21\0\20\0/etc/ld.so.cache\0\16\0/etc/localtime\0'\0/home/v/scmm/sandboxes/nginx/mime.types\0'\0/home/v/scmm/sandboxes/nginx/access.log\0,\0/home/v/scmm/sandboxes/nginx/html/index.html\0'\0/home/v/scmm/sandboxes/nginx/nginx.conf\0&\0/home/v/scmm/sandboxes/nginx/nginx.pid\0\37\0/lib/x86_64-linux-gnu/libc.so.6\0#\0/lib/x86_64-linux-gnu/libcrypt.so.1\0$\0/lib/x86_64-linux-gnu/libcrypto.so.3\0%\0/lib/x86_64-linux-gnu/libpcre2-8.so.0\0!\0/lib/x86_64-linux-gnu/libssl.so.3\0\37\0/lib/x86_64-linux-gnu/libz.so.1\0\35\0/proc/sys/crypto/fips_enabled\0\36\0/sys/devices/system/cpu/online\0\30\0/usr/lib/ssl/openssl.cnf\0\17\0/usr/sbin/nginx\0", 583) = 583
917600 read(3, "\0\0\0\0\0\0\0\0", 8)   = 8
917600 close(3)                         = 0
917600 statx(AT_FDCWD, "/proc/sys/kernel/seccomp", AT_STATX_SYNC_AS_STAT, STATX_ALL, {stx_mask=STATX_BASIC_STATS|STATX_MNT_ID, stx_attributes=0, stx_mode=S_IFDIR|0555, stx_size=0, ...}) = 0
917600 openat(AT_FDCWD, "/sys/kernel/security/lsm", O_RDONLY|O_CLOEXEC) = 3
917600 statx(3, "", AT_STATX_SYNC_AS_STAT|AT_EMPTY_PATH, STATX_ALL, {stx_mask=STATX_BASIC_STATS|STATX_MNT_ID, stx_attributes=0, stx_mode=S_IFREG|0444, stx_size=0, ...}) = 0
917600 read(3, "lockdown,capability,landlock,yam", 32) = 32
917600 read(3, "a,apparmor,ima,evm", 32) = 18
917600 read(3, "", 14)                  = 0
917600 close(3)                         = 0
917600 write(1, "\33[2m2026-02-08T17:22:57.994399Z\33[0m \33[32m INFO\33[0m Capabilities: seccomp=true, landlock=true\n", 93) = 93
917600 prctl(PR_SET_NO_NEW_PRIVS, 1, 0, 0, 0) = 0
917600 landlock_create_ruleset(NULL, 0, LANDLOCK_CREATE_RULESET_VERSION) = 6
917600 landlock_create_ruleset({handled_access_fs=LANDLOCK_ACCESS_FS_EXECUTE|LANDLOCK_ACCESS_FS_WRITE_FILE|LANDLOCK_ACCESS_FS_READ_FILE|LANDLOCK_ACCESS_FS_READ_DIR|LANDLOCK_ACCESS_FS_REMOVE_DIR|LANDLOCK_ACCESS_FS_REMOVE_FILE|LANDLOCK_ACCESS_FS_MAKE_CHAR|LANDLOCK_ACCESS_FS_MAKE_DIR|LANDLOCK_ACCESS_FS_MAKE_REG|LANDLOCK_ACCESS_FS_MAKE_SOCK|LANDLOCK_ACCESS_FS_MAKE_FIFO|LANDLOCK_ACCESS_FS_MAKE_BLOCK|LANDLOCK_ACCESS_FS_MAKE_SYM|LANDLOCK_ACCESS_FS_REFER|LANDLOCK_ACCESS_FS_TRUNCATE|0x8000, handled_access_net=0, ...}, 24, 0) = 3
917600 getrandom("\x74\x21\x41\xd0\xd4\x40\x36\x54\x82\x7f\xda\xc6\xcc\x61\x9b\x19", 16, GRND_INSECURE) = 16
917600 write(1, "\33[2m2026-02-08T17:22:57.994802Z\33[0m \33[32m INFO\33[0m Adding directory traversal rules:\n", 85) = 85
917600 openat(AT_FDCWD, "/", O_RDONLY|O_CLOEXEC|O_PATH) = 4
917600 fstat(4, {st_mode=S_IFDIR|0755, st_size=4096, ...}) = 0
917600 landlock_add_rule(3, LANDLOCK_RULE_PATH_BENEATH, {allowed_access=LANDLOCK_ACCESS_FS_EXECUTE|LANDLOCK_ACCESS_FS_READ_DIR, parent_fd=4}, 0) = 0
917600 close(4)                         = 0
917600 openat(AT_FDCWD, "/etc", O_RDONLY|O_CLOEXEC|O_PATH) = 4
917600 fstat(4, {st_mode=S_IFDIR|0755, st_size=12288, ...}) = 0
917600 landlock_add_rule(3, LANDLOCK_RULE_PATH_BENEATH, {allowed_access=LANDLOCK_ACCESS_FS_EXECUTE|LANDLOCK_ACCESS_FS_READ_DIR, parent_fd=4}, 0) = 0
917600 close(4)                         = 0
917600 openat(AT_FDCWD, "/home", O_RDONLY|O_CLOEXEC|O_PATH) = 4
917600 fstat(4, {st_mode=S_IFDIR|0755, st_size=4096, ...}) = 0
917600 landlock_add_rule(3, LANDLOCK_RULE_PATH_BENEATH, {allowed_access=LANDLOCK_ACCESS_FS_EXECUTE|LANDLOCK_ACCESS_FS_READ_DIR, parent_fd=4}, 0) = 0
917600 close(4)                         = 0
917600 openat(AT_FDCWD, "/home/v", O_RDONLY|O_CLOEXEC|O_PATH) = 4
917600 fstat(4, {st_mode=S_IFDIR|0750, st_size=4096, ...}) = 0
917600 landlock_add_rule(3, LANDLOCK_RULE_PATH_BENEATH, {allowed_access=LANDLOCK_ACCESS_FS_EXECUTE|LANDLOCK_ACCESS_FS_READ_DIR, parent_fd=4}, 0) = 0
917600 close(4)                         = 0
917600 openat(AT_FDCWD, "/home/v/scmm", O_RDONLY|O_CLOEXEC|O_PATH) = 4
917600 fstat(4, {st_mode=S_IFDIR|0775, st_size=4096, ...}) = 0
917600 landlock_add_rule(3, LANDLOCK_RULE_PATH_BENEATH, {allowed_access=LANDLOCK_ACCESS_FS_EXECUTE|LANDLOCK_ACCESS_FS_READ_DIR, parent_fd=4}, 0) = 0
917600 close(4)                         = 0
917600 openat(AT_FDCWD, "/home/v/scmm/sandboxes", O_RDONLY|O_CLOEXEC|O_PATH) = 4
917600 fstat(4, {st_mode=S_IFDIR|0775, st_size=4096, ...}) = 0
917600 landlock_add_rule(3, LANDLOCK_RULE_PATH_BENEATH, {allowed_access=LANDLOCK_ACCESS_FS_EXECUTE|LANDLOCK_ACCESS_FS_READ_DIR, parent_fd=4}, 0) = 0
917600 close(4)                         = 0
917600 openat(AT_FDCWD, "/home/v/scmm/sandboxes/nginx", O_RDONLY|O_CLOEXEC|O_PATH) = 4
917600 fstat(4, {st_mode=S_IFDIR|0775, st_size=4096, ...}) = 0
917600 landlock_add_rule(3, LANDLOCK_RULE_PATH_BENEATH, {allowed_access=LANDLOCK_ACCESS_FS_EXECUTE|LANDLOCK_ACCESS_FS_READ_DIR, parent_fd=4}, 0) = 0
917600 close(4)                         = 0
917600 openat(AT_FDCWD, "/home/v/scmm/sandboxes/nginx/html", O_RDONLY|O_CLOEXEC|O_PATH) = 4
917600 fstat(4, {st_mode=S_IFDIR|0775, st_size=4096, ...}) = 0
917600 landlock_add_rule(3, LANDLOCK_RULE_PATH_BENEATH, {allowed_access=LANDLOCK_ACCESS_FS_EXECUTE|LANDLOCK_ACCESS_FS_READ_DIR, parent_fd=4}, 0) = 0
917600 close(4)                         = 0
917600 openat(AT_FDCWD, "/lib", O_RDONLY|O_CLOEXEC|O_PATH) = 4
917600 fstat(4, {st_mode=S_IFDIR|0755, st_size=4096, ...}) = 0
917600 landlock_add_rule(3, LANDLOCK_RULE_PATH_BENEATH, {allowed_access=LANDLOCK_ACCESS_FS_EXECUTE|LANDLOCK_ACCESS_FS_READ_DIR, parent_fd=4}, 0) = 0
917600 close(4)                         = 0
917600 openat(AT_FDCWD, "/lib/x86_64-linux-gnu", O_RDONLY|O_CLOEXEC|O_PATH) = 4
917600 fstat(4, {st_mode=S_IFDIR|0755, st_size=122880, ...}) = 0
917600 landlock_add_rule(3, LANDLOCK_RULE_PATH_BENEATH, {allowed_access=LANDLOCK_ACCESS_FS_EXECUTE|LANDLOCK_ACCESS_FS_READ_DIR, parent_fd=4}, 0) = 0
917600 close(4)                         = 0
917600 openat(AT_FDCWD, "/proc", O_RDONLY|O_CLOEXEC|O_PATH) = 4
917600 fstat(4, {st_mode=S_IFDIR|0555, st_size=0, ...}) = 0
917600 landlock_add_rule(3, LANDLOCK_RULE_PATH_BENEATH, {allowed_access=LANDLOCK_ACCESS_FS_EXECUTE|LANDLOCK_ACCESS_FS_READ_DIR, parent_fd=4}, 0) = 0
917600 close(4)                         = 0
917600 openat(AT_FDCWD, "/proc/sys", O_RDONLY|O_CLOEXEC|O_PATH) = 4
917600 fstat(4, {st_mode=S_IFDIR|0555, st_size=0, ...}) = 0
917600 landlock_add_rule(3, LANDLOCK_RULE_PATH_BENEATH, {allowed_access=LANDLOCK_ACCESS_FS_EXECUTE|LANDLOCK_ACCESS_FS_READ_DIR, parent_fd=4}, 0) = 0
917600 close(4)                         = 0
917600 openat(AT_FDCWD, "/proc/sys/crypto", O_RDONLY|O_CLOEXEC|O_PATH) = -1 ENOENT (No such file or directory)
917600 openat(AT_FDCWD, "/sys", O_RDONLY|O_CLOEXEC|O_PATH) = 4
917600 fstat(4, {st_mode=S_IFDIR|0555, st_size=0, ...}) = 0
917600 landlock_add_rule(3, LANDLOCK_RULE_PATH_BENEATH, {allowed_access=LANDLOCK_ACCESS_FS_EXECUTE|LANDLOCK_ACCESS_FS_READ_DIR, parent_fd=4}, 0) = 0
917600 close(4)                         = 0
917600 openat(AT_FDCWD, "/sys/devices", O_RDONLY|O_CLOEXEC|O_PATH) = 4
917600 fstat(4, {st_mode=S_IFDIR|0755, st_size=0, ...}) = 0
917600 landlock_add_rule(3, LANDLOCK_RULE_PATH_BENEATH, {allowed_access=LANDLOCK_ACCESS_FS_EXECUTE|LANDLOCK_ACCESS_FS_READ_DIR, parent_fd=4}, 0) = 0
917600 close(4)                         = 0
917600 openat(AT_FDCWD, "/sys/devices/system", O_RDONLY|O_CLOEXEC|O_PATH) = 4
917600 fstat(4, {st_mode=S_IFDIR|0755, st_size=0, ...}) = 0
917600 landlock_add_rule(3, LANDLOCK_RULE_PATH_BENEATH, {allowed_access=LANDLOCK_ACCESS_FS_EXECUTE|LANDLOCK_ACCESS_FS_READ_DIR, parent_fd=4}, 0) = 0
917600 close(4)                         = 0
917600 openat(AT_FDCWD, "/sys/devices/system/cpu", O_RDONLY|O_CLOEXEC|O_PATH) = 4
917600 fstat(4, {st_mode=S_IFDIR|0755, st_size=0, ...}) = 0
917600 landlock_add_rule(3, LANDLOCK_RULE_PATH_BENEATH, {allowed_access=LANDLOCK_ACCESS_FS_EXECUTE|LANDLOCK_ACCESS_FS_READ_DIR, parent_fd=4}, 0) = 0
917600 close(4)                         = 0
917600 openat(AT_FDCWD, "/usr", O_RDONLY|O_CLOEXEC|O_PATH) = 4
917600 fstat(4, {st_mode=S_IFDIR|0755, st_size=4096, ...}) = 0
917600 landlock_add_rule(3, LANDLOCK_RULE_PATH_BENEATH, {allowed_access=LANDLOCK_ACCESS_FS_EXECUTE|LANDLOCK_ACCESS_FS_READ_DIR, parent_fd=4}, 0) = 0
917600 close(4)                         = 0
917600 openat(AT_FDCWD, "/usr/lib", O_RDONLY|O_CLOEXEC|O_PATH) = 4
917600 fstat(4, {st_mode=S_IFDIR|0755, st_size=4096, ...}) = 0
917600 landlock_add_rule(3, LANDLOCK_RULE_PATH_BENEATH, {allowed_access=LANDLOCK_ACCESS_FS_EXECUTE|LANDLOCK_ACCESS_FS_READ_DIR, parent_fd=4}, 0) = 0
917600 close(4)                         = 0
917600 openat(AT_FDCWD, "/usr/lib/ssl", O_RDONLY|O_CLOEXEC|O_PATH) = 4
917600 fstat(4, {st_mode=S_IFDIR|0755, st_size=4096, ...}) = 0
917600 landlock_add_rule(3, LANDLOCK_RULE_PATH_BENEATH, {allowed_access=LANDLOCK_ACCESS_FS_EXECUTE|LANDLOCK_ACCESS_FS_READ_DIR, parent_fd=4}, 0) = 0
917600 close(4)                         = 0
917600 openat(AT_FDCWD, "/usr/sbin", O_RDONLY|O_CLOEXEC|O_PATH) = 4
917600 fstat(4, {st_mode=S_IFDIR|0755, st_size=20480, ...}) = 0
917600 landlock_add_rule(3, LANDLOCK_RULE_PATH_BENEATH, {allowed_access=LANDLOCK_ACCESS_FS_EXECUTE|LANDLOCK_ACCESS_FS_READ_DIR, parent_fd=4}, 0) = 0
917600 close(4)                         = 0
917600 readlink("/lib64", "usr/lib64", 1023) = 9
917600 readlink("/usr", 0x7ffed2600740, 1023) = -1 EINVAL (Invalid argument)
917600 readlink("/usr/lib64", 0x7ffed2600740, 1023) = -1 EINVAL (Invalid argument)
917600 readlink("/usr/lib64/ld-linux-x86-64.so.2", "../lib/x86_64-linux-gnu/ld-linux-x86-64.so.2", 1023) = 44
917600 readlink("/usr/lib", 0x7ffed2600740, 1023) = -1 EINVAL (Invalid argument)
917600 readlink("/usr/lib/x86_64-linux-gnu", 0x7ffed2600740, 1023) = -1 EINVAL (Invalid argument)
917600 readlink("/usr/lib/x86_64-linux-gnu/ld-linux-x86-64.so.2", 0x7ffed2600740, 1023) = -1 EINVAL (Invalid argument)
917600 openat(AT_FDCWD, "/usr/lib/x86_64-linux-gnu/ld-linux-x86-64.so.2", O_RDONLY|O_CLOEXEC|O_PATH) = 4
917600 fstat(4, {st_mode=S_IFREG|0755, st_size=236616, ...}) = 0
917600 landlock_add_rule(3, LANDLOCK_RULE_PATH_BENEATH, {allowed_access=LANDLOCK_ACCESS_FS_EXECUTE|LANDLOCK_ACCESS_FS_READ_FILE, parent_fd=4}, 0) = 0
917600 close(4)                         = 0
917600 write(1, "\33[2m2026-02-08T17:22:58.001271Z\33[0m \33[32m INFO\33[0m   implicit: allow /usr/lib/x86_64-linux-gnu/ld-linux-x86-64.so.2 [execute, read_file] (ELF interpreter)\n", 155) = 155
917600 openat(AT_FDCWD, "/usr/lib/x86_64-linux-gnu", O_RDONLY|O_CLOEXEC|O_PATH) = 4
917600 fstat(4, {st_mode=S_IFDIR|0755, st_size=122880, ...}) = 0
917600 landlock_add_rule(3, LANDLOCK_RULE_PATH_BENEATH, {allowed_access=LANDLOCK_ACCESS_FS_EXECUTE|LANDLOCK_ACCESS_FS_READ_DIR, parent_fd=4}, 0) = 0
917600 close(4)                         = 0
917600 write(1, "\33[2m2026-02-08T17:22:58.001626Z\33[0m \33[32m INFO\33[0m Applying 17 Landlock filesystem rule(s):\n", 92) = 92
917600 openat(AT_FDCWD, "/etc/ld.so.cache", O_RDONLY|O_CLOEXEC|O_PATH) = 4
917600 fstat(4, {st_mode=S_IFREG|0644, st_size=98403, ...}) = 0
917600 landlock_add_rule(3, LANDLOCK_RULE_PATH_BENEATH, {allowed_access=LANDLOCK_ACCESS_FS_EXECUTE|LANDLOCK_ACCESS_FS_READ_FILE, parent_fd=4}, 0) = 0
917600 close(4)                         = 0
917600 write(1, "\33[2m2026-02-08T17:22:58.001994Z\33[0m \33[32m INFO\33[0m   allow /etc/ld.so.cache [execute, read_file]\n", 97) = 97
917600 openat(AT_FDCWD, "/etc/localtime", O_RDONLY|O_CLOEXEC|O_PATH) = 4
917600 fstat(4, {st_mode=S_IFREG|0644, st_size=2184, ...}) = 0
917600 landlock_add_rule(3, LANDLOCK_RULE_PATH_BENEATH, {allowed_access=LANDLOCK_ACCESS_FS_READ_FILE, parent_fd=4}, 0) = 0
917600 close(4)                         = 0
917600 write(1, "\33[2m2026-02-08T17:22:58.002358Z\33[0m \33[32m INFO\33[0m   allow /etc/localtime [read_file]\n", 86) = 86
917600 openat(AT_FDCWD, "/home/v/scmm/sandboxes/nginx/mime.types", O_RDONLY|O_CLOEXEC|O_PATH) = 4
917600 fstat(4, {st_mode=S_IFREG|0644, st_size=5465, ...}) = 0
917600 landlock_add_rule(3, LANDLOCK_RULE_PATH_BENEATH, {allowed_access=LANDLOCK_ACCESS_FS_READ_FILE, parent_fd=4}, 0) = 0
917600 close(4)                         = 0
917600 write(1, "\33[2m2026-02-08T17:22:58.002712Z\33[0m \33[32m INFO\33[0m   allow /home/v/scmm/sandboxes/nginx/mime.types [read_file]\n", 111) = 111
917600 openat(AT_FDCWD, "/home/v/scmm/sandboxes/nginx/access.log", O_RDONLY|O_CLOEXEC|O_PATH) = 4
917600 fstat(4, {st_mode=S_IFREG|0644, st_size=0, ...}) = 0
917600 landlock_add_rule(3, LANDLOCK_RULE_PATH_BENEATH, {allowed_access=LANDLOCK_ACCESS_FS_WRITE_FILE|LANDLOCK_ACCESS_FS_READ_FILE, parent_fd=4}, 0) = 0
917600 close(4)                         = 0
917600 openat(AT_FDCWD, "/home/v/scmm/sandboxes/nginx", O_RDONLY|O_CLOEXEC|O_PATH) = 4
917600 fstat(4, {st_mode=S_IFDIR|0775, st_size=4096, ...}) = 0
917600 landlock_add_rule(3, LANDLOCK_RULE_PATH_BENEATH, {allowed_access=LANDLOCK_ACCESS_FS_MAKE_REG, parent_fd=4}, 0) = 0
917600 close(4)                         = 0
917600 write(1, "\33[2m2026-02-08T17:22:58.003367Z\33[0m \33[32m INFO\33[0m   allow /home/v/scmm/sandboxes/nginx/access.log [write_file, read_file, make_reg]\n", 133) = 133
917600 openat(AT_FDCWD, "/home/v/scmm/sandboxes/nginx/html/index.html", O_RDONLY|O_CLOEXEC|O_PATH) = 4
917600 fstat(4, {st_mode=S_IFREG|0664, st_size=89, ...}) = 0
917600 landlock_add_rule(3, LANDLOCK_RULE_PATH_BENEATH, {allowed_access=LANDLOCK_ACCESS_FS_READ_FILE, parent_fd=4}, 0) = 0
917600 close(4)                         = 0
917600 write(1, "\33[2m2026-02-08T17:22:58.003724Z\33[0m \33[32m INFO\33[0m   allow /home/v/scmm/sandboxes/nginx/html/index.html [read_file]\n", 116) = 116
917600 openat(AT_FDCWD, "/home/v/scmm/sandboxes/nginx/nginx.conf", O_RDONLY|O_CLOEXEC|O_PATH) = 4
917600 fstat(4, {st_mode=S_IFREG|0644, st_size=465, ...}) = 0
917600 landlock_add_rule(3, LANDLOCK_RULE_PATH_BENEATH, {allowed_access=LANDLOCK_ACCESS_FS_READ_FILE, parent_fd=4}, 0) = 0
917600 close(4)                         = 0
917600 write(1, "\33[2m2026-02-08T17:22:58.004089Z\33[0m \33[32m INFO\33[0m   allow /home/v/scmm/sandboxes/nginx/nginx.conf [read_file]\n", 111) = 111
917600 openat(AT_FDCWD, "/home/v/scmm/sandboxes/nginx/nginx.pid", O_RDONLY|O_CLOEXEC|O_PATH) = -1 ENOENT (No such file or directory)
917600 statx(AT_FDCWD, "/home/v/scmm/sandboxes/nginx", AT_STATX_SYNC_AS_STAT, STATX_ALL, {stx_mask=STATX_ALL|STATX_MNT_ID, stx_attributes=0, stx_mode=S_IFDIR|0775, stx_size=4096, ...}) = 0
917600 openat(AT_FDCWD, "/home/v/scmm/sandboxes/nginx", O_RDONLY|O_CLOEXEC|O_PATH) = 4
917600 fstat(4, {st_mode=S_IFDIR|0775, st_size=4096, ...}) = 0
917600 landlock_add_rule(3, LANDLOCK_RULE_PATH_BENEATH, {allowed_access=LANDLOCK_ACCESS_FS_WRITE_FILE|LANDLOCK_ACCESS_FS_READ_FILE|LANDLOCK_ACCESS_FS_REMOVE_FILE|LANDLOCK_ACCESS_FS_MAKE_REG|LANDLOCK_ACCESS_FS_TRUNCATE, parent_fd=4}, 0) = 0
917600 close(4)                         = 0
917600 write(1, "\33[2m2026-02-08T17:22:58.004606Z\33[0m \33[32m INFO\33[0m   (path /home/v/scmm/sandboxes/nginx/nginx.pid does not exist, applied rule on ancestor /home/v/scmm/sandboxes/nginx)\n", 169) = 169
917600 write(1, "\33[2m2026-02-08T17:22:58.004690Z\33[0m \33[32m INFO\33[0m   allow /home/v/scmm/sandboxes/nginx/nginx.pid [write_file, read_file, remove_file, make_reg, truncate]\n", 155) = 155
917600 openat(AT_FDCWD, "/lib/x86_64-linux-gnu/libc.so.6", O_RDONLY|O_CLOEXEC|O_PATH) = 4
917600 fstat(4, {st_mode=S_IFREG|0755, st_size=2125328, ...}) = 0
917600 landlock_add_rule(3, LANDLOCK_RULE_PATH_BENEATH, {allowed_access=LANDLOCK_ACCESS_FS_EXECUTE|LANDLOCK_ACCESS_FS_READ_FILE, parent_fd=4}, 0) = 0
917600 close(4)                         = 0
917600 write(1, "\33[2m2026-02-08T17:22:58.005050Z\33[0m \33[32m INFO\33[0m   allow /lib/x86_64-linux-gnu/libc.so.6 [execute, read_file]\n", 112) = 112
917600 openat(AT_FDCWD, "/lib/x86_64-linux-gnu/libcrypt.so.1", O_RDONLY|O_CLOEXEC|O_PATH) = 4
917600 fstat(4, {st_mode=S_IFREG|0644, st_size=198664, ...}) = 0
917600 landlock_add_rule(3, LANDLOCK_RULE_PATH_BENEATH, {allowed_access=LANDLOCK_ACCESS_FS_EXECUTE|LANDLOCK_ACCESS_FS_READ_FILE, parent_fd=4}, 0) = 0
917600 close(4)                         = 0
917600 write(1, "\33[2m2026-02-08T17:22:58.005405Z\33[0m \33[32m INFO\33[0m   allow /lib/x86_64-linux-gnu/libcrypt.so.1 [execute, read_file]\n", 116) = 116
917600 openat(AT_FDCWD, "/lib/x86_64-linux-gnu/libcrypto.so.3", O_RDONLY|O_CLOEXEC|O_PATH) = 4
917600 fstat(4, {st_mode=S_IFREG|0644, st_size=5309400, ...}) = 0
917600 landlock_add_rule(3, LANDLOCK_RULE_PATH_BENEATH, {allowed_access=LANDLOCK_ACCESS_FS_EXECUTE|LANDLOCK_ACCESS_FS_READ_FILE, parent_fd=4}, 0) = 0
917600 close(4)                         = 0
917600 write(1, "\33[2m2026-02-08T17:22:58.005773Z\33[0m \33[32m INFO\33[0m   allow /lib/x86_64-linux-gnu/libcrypto.so.3 [execute, read_file]\n", 117) = 117
917600 openat(AT_FDCWD, "/lib/x86_64-linux-gnu/libpcre2-8.so.0", O_RDONLY|O_CLOEXEC|O_PATH) = 4
917600 fstat(4, {st_mode=S_IFREG|0644, st_size=625344, ...}) = 0
917600 landlock_add_rule(3, LANDLOCK_RULE_PATH_BENEATH, {allowed_access=LANDLOCK_ACCESS_FS_EXECUTE|LANDLOCK_ACCESS_FS_READ_FILE, parent_fd=4}, 0) = 0
917600 close(4)                         = 0
917600 write(1, "\33[2m2026-02-08T17:22:58.006134Z\33[0m \33[32m INFO\33[0m   allow /lib/x86_64-linux-gnu/libpcre2-8.so.0 [execute, read_file]\n", 118) = 118
917600 openat(AT_FDCWD, "/lib/x86_64-linux-gnu/libssl.so.3", O_RDONLY|O_CLOEXEC|O_PATH) = 4
917600 fstat(4, {st_mode=S_IFREG|0644, st_size=696512, ...}) = 0
917600 landlock_add_rule(3, LANDLOCK_RULE_PATH_BENEATH, {allowed_access=LANDLOCK_ACCESS_FS_EXECUTE|LANDLOCK_ACCESS_FS_READ_FILE, parent_fd=4}, 0) = 0
917600 close(4)                         = 0
917600 write(1, "\33[2m2026-02-08T17:22:58.006490Z\33[0m \33[32m INFO\33[0m   allow /lib/x86_64-linux-gnu/libssl.so.3 [execute, read_file]\n", 114) = 114
917600 openat(AT_FDCWD, "/lib/x86_64-linux-gnu/libz.so.1", O_RDONLY|O_CLOEXEC|O_PATH) = 4
917600 fstat(4, {st_mode=S_IFREG|0644, st_size=113000, ...}) = 0
917600 landlock_add_rule(3, LANDLOCK_RULE_PATH_BENEATH, {allowed_access=LANDLOCK_ACCESS_FS_EXECUTE|LANDLOCK_ACCESS_FS_READ_FILE, parent_fd=4}, 0) = 0
917600 close(4)                         = 0
917600 write(1, "\33[2m2026-02-08T17:22:58.006855Z\33[0m \33[32m INFO\33[0m   allow /lib/x86_64-linux-gnu/libz.so.1 [execute, read_file]\n", 112) = 112
917600 openat(AT_FDCWD, "/proc/sys/crypto/fips_enabled", O_RDONLY|O_CLOEXEC|O_PATH) = -1 ENOENT (No such file or directory)
917600 statx(AT_FDCWD, "/proc/sys/crypto", AT_STATX_SYNC_AS_STAT, STATX_ALL, 0x7ffed26009c0) = -1 ENOENT (No such file or directory)
917600 statx(0, NULL, AT_STATX_SYNC_AS_STAT, STATX_ALL, NULL) = -1 EFAULT (Bad address)
917600 statx(AT_FDCWD, "/proc/sys", AT_STATX_SYNC_AS_STAT, STATX_ALL, {stx_mask=STATX_BASIC_STATS|STATX_MNT_ID, stx_attributes=0, stx_mode=S_IFDIR|0555, stx_size=0, ...}) = 0
917600 openat(AT_FDCWD, "/proc/sys", O_RDONLY|O_CLOEXEC|O_PATH) = 4
917600 fstat(4, {st_mode=S_IFDIR|0555, st_size=0, ...}) = 0
917600 landlock_add_rule(3, LANDLOCK_RULE_PATH_BENEATH, {allowed_access=LANDLOCK_ACCESS_FS_WRITE_FILE|LANDLOCK_ACCESS_FS_READ_FILE|LANDLOCK_ACCESS_FS_MAKE_REG, parent_fd=4}, 0) = 0
917600 close(4)                         = 0
917600 write(1, "\33[2m2026-02-08T17:22:58.007513Z\33[0m \33[32m INFO\33[0m   (path /proc/sys/crypto/fips_enabled does not exist, applied rule on ancestor /proc/sys)\n", 141) = 141
917600 write(1, "\33[2m2026-02-08T17:22:58.007599Z\33[0m \33[32m INFO\33[0m   allow /proc/sys/crypto/fips_enabled [read_file]\n", 101) = 101
917600 openat(AT_FDCWD, "/sys/devices/system/cpu/online", O_RDONLY|O_CLOEXEC|O_PATH) = 4
917600 fstat(4, {st_mode=S_IFREG|0444, st_size=4096, ...}) = 0
917600 landlock_add_rule(3, LANDLOCK_RULE_PATH_BENEATH, {allowed_access=LANDLOCK_ACCESS_FS_READ_FILE, parent_fd=4}, 0) = 0
917600 close(4)                         = 0
917600 write(1, "\33[2m2026-02-08T17:22:58.007961Z\33[0m \33[32m INFO\33[0m   allow /sys/devices/system/cpu/online [read_file]\n", 102) = 102
917600 openat(AT_FDCWD, "/usr/lib/ssl/openssl.cnf", O_RDONLY|O_CLOEXEC|O_PATH) = 4
917600 fstat(4, {st_mode=S_IFREG|0644, st_size=12324, ...}) = 0
917600 landlock_add_rule(3, LANDLOCK_RULE_PATH_BENEATH, {allowed_access=LANDLOCK_ACCESS_FS_READ_FILE, parent_fd=4}, 0) = 0
917600 close(4)                         = 0
917600 write(1, "\33[2m2026-02-08T17:22:58.008320Z\33[0m \33[32m INFO\33[0m   allow /usr/lib/ssl/openssl.cnf [read_file]\n", 96) = 96
917600 openat(AT_FDCWD, "/usr/sbin/nginx", O_RDONLY|O_CLOEXEC|O_PATH) = 4
917600 fstat(4, {st_mode=S_IFREG|0755, st_size=1313752, ...}) = 0
917600 landlock_add_rule(3, LANDLOCK_RULE_PATH_BENEATH, {allowed_access=LANDLOCK_ACCESS_FS_EXECUTE|LANDLOCK_ACCESS_FS_READ_FILE, parent_fd=4}, 0) = 0
917600 close(4)                         = 0
917600 write(1, "\33[2m2026-02-08T17:22:58.008689Z\33[0m \33[32m INFO\33[0m   allow /usr/sbin/nginx [execute, read_file]\n", 96) = 96
917600 prctl(PR_SET_NO_NEW_PRIVS, 1, 0, 0, 0) = 0
917600 landlock_restrict_self(3, 0)     = 0
917600 close(3)                         = 0
917600 write(1, "\33[2m2026-02-08T17:22:58.009001Z\33[0m \33[32m INFO\33[0m Landlock partially enforced (some access types unsupported by kernel ABI)\n", 125) = 125
917600 write(1, "\33[2m2026-02-08T17:22:58.009084Z\33[0m \33[32m INFO\33[0m Executing command...\n", 72) = 72
917600 write(1, "\33[2m2026-02-08T17:22:58.009161Z\33[0m \33[32m INFO\33[0m Applying seccomp filter (67 instructions)\n", 93) = 93
917600 seccomp(SECCOMP_SET_MODE_FILTER, 0, {len=67, filter=0x61b22ce12a30}) = 0
917600 execve("/home/v/.npm_packages/bin/nginx", ["nginx", "-p", ".", "-c", "nginx.conf"], 0x7ffed26020d8 /* 46 vars */) = -1 ENOENT (No such file or directory)
917600 execve("/home/v/.cargo/bin/nginx", ["nginx", "-p", ".", "-c", "nginx.conf"], 0x7ffed26020d8 /* 46 vars */) = -1 ENOENT (No such file or directory)
917600 execve("/home/v/android-sdk/platform-tools/nginx", ["nginx", "-p", ".", "-c", "nginx.conf"], 0x7ffed26020d8 /* 46 vars */) = -1 ENOENT (No such file or directory)
917600 execve("/home/v/.elan/bin/nginx", ["nginx", "-p", ".", "-c", "nginx.conf"], 0x7ffed26020d8 /* 46 vars */) = -1 ENOENT (No such file or directory)
917600 execve("/home/v/.local/bin/nginx", ["nginx", "-p", ".", "-c", "nginx.conf"], 0x7ffed26020d8 /* 46 vars */) = -1 ENOENT (No such file or directory)
917600 execve("/home/v/.npm_packages/bin/nginx", ["nginx", "-p", ".", "-c", "nginx.conf"], 0x7ffed26020d8 /* 46 vars */) = -1 ENOENT (No such file or directory)
917600 execve("/home/v/.cargo/bin/nginx", ["nginx", "-p", ".", "-c", "nginx.conf"], 0x7ffed26020d8 /* 46 vars */) = -1 ENOENT (No such file or directory)
917600 execve("/home/v/android-sdk/platform-tools/nginx", ["nginx", "-p", ".", "-c", "nginx.conf"], 0x7ffed26020d8 /* 46 vars */) = -1 ENOENT (No such file or directory)
917600 execve("/usr/local/sbin/nginx", ["nginx", "-p", ".", "-c", "nginx.conf"], 0x7ffed26020d8 /* 46 vars */) = -1 ENOENT (No such file or directory)
917600 execve("/usr/local/bin/nginx", ["nginx", "-p", ".", "-c", "nginx.conf"], 0x7ffed26020d8 /* 46 vars */) = -1 ENOENT (No such file or directory)
917600 execve("/usr/sbin/nginx", ["nginx", "-p", ".", "-c", "nginx.conf"], 0x7ffed26020d8 /* 46 vars */) = 0
917600 brk(NULL)                        = 0x602c3e63a000
917600 mmap(NULL, 8192, PROT_READ|PROT_WRITE, MAP_PRIVATE|MAP_ANONYMOUS, -1, 0) = 0x7e0cdb875000
917600 access("/etc/ld.so.preload", R_OK) = -1 ENOENT (No such file or directory)
917600 openat(AT_FDCWD, "/etc/ld.so.cache", O_RDONLY|O_CLOEXEC) = 3
917600 fstat(3, {st_mode=S_IFREG|0644, st_size=98403, ...}) = 0
917600 mmap(NULL, 98403, PROT_READ, MAP_PRIVATE, 3, 0) = 0x7e0cdb85c000
917600 close(3)                         = 0
917600 openat(AT_FDCWD, "/lib/x86_64-linux-gnu/libcrypt.so.1", O_RDONLY|O_CLOEXEC) = 3
917600 read(3, "\177ELF\2\1\1\0\0\0\0\0\0\0\0\0\3\0>\0\1\0\0\0\0\0\0\0\0\0\0\0@\0\0\0\0\0\0\0H\1\3\0\0\0\0\0\0\0\0\0@\08\0\v\0@\0\33\0\32\0\1\0\0\0\4\0\0\0\0\0\0\0\0\0\0\0\0\0\0\0\0\0\0\0\0\0\0\0\0\0\0\0\20\24\0\0\0\0\0\0\20\24\0\0\0\0\0\0\0\20\0\0\0\0\0\0\1\0\0\0\5\0\0\0\0 \0\0\0\0\0\0\0 \0\0\0\0\0\0\0 \0\0\0\0\0\0\35A\1\0\0\0\0\0\35A\1\0\0\0\0\0\0\20\0\0\0\0\0\0\1\0\0\0\4\0\0\0\0p\1\0\0\0\0\0\0p\1\0\0\0\0\0\0p\1\0\0\0\0\0X\210\1\0\0\0\0\0X\210\1\0\0\0\0\0\0\20\0\0\0\0\0\0\1\0\0\0\6\0\0\0P\372\2\0\0\0\0\0P\n\3\0\0\0\0\0P\n\3\0\0\0\0\0\270\5\0\0\0\0\0\0P\207\0\0\0\0\0\0\0\20\0\0\0\0\0\0\2\0\0\0\6\0\0\0 \375\2\0\0\0\0\0 \r\3\0\0\0\0\0 \r\3\0\0\0\0\0\340\1\0\0\0\0\0\0\340\1\0\0\0\0\0\0\10\0\0\0\0\0\0\0\4\0\0\0\4\0\0\0\250\2\0\0\0\0\0\0\250\2\0\0\0\0\0\0\250\2\0\0\0\0\0\0 \0\0\0\0\0\0\0 \0\0\0\0\0\0\0\10\0\0\0\0\0\0\0\4\0\0\0\4\0\0\0\310\2\0\0\0\0\0\0\310\2\0\0\0\0\0\0\310\2\0\0\0\0\0\0$\0\0\0\0\0\0\0$\0\0\0\0\0\0\0\4\0\0\0\0\0\0\0S\345td\4\0\0\0\250\2\0\0\0\0\0\0\250\2\0\0\0\0\0\0\250\2\0\0\0\0\0\0 \0\0\0\0\0\0\0 \0\0\0\0\0\0\0\10\0\0\0\0\0\0\0P\345td\4\0\0\0\4\344\2\0\0\0\0\0\4\344\2\0\0\0\0\0\4\344\2\0\0\0\0\0,\3\0\0\0\0\0\0,\3\0\0\0\0\0\0\4\0\0\0\0\0\0\0Q\345td\6\0\0\0\0\0\0\0\0\0\0\0\0\0\0\0\0\0\0\0\0\0\0\0\0\0\0\0\0\0\0\0\0\0\0\0\0\0\0\0\0\0\0\0\20\0\0\0\0\0\0\0R\345td\4\0\0\0P\372\2\0\0\0\0\0P\n\3\0\0\0\0\0P\n\3\0\0\0\0\0\260\5\0\0\0\0\0\0\260\5\0\0\0\0\0\0\1\0\0\0\0\0\0\0\4\0\0\0\20\0\0\0\5\0\0\0GNU\0\2\0\0\300\4\0\0\0\3\0\0\0\0\0\0\0\4\0\0\0\24\0\0\0\3\0\0\0GNU\0Oh\206\37\325C\246\35\333\275s)\10\246\2768\273\363K\322\0\0\0\0\21\0\0\0\33\0\0\0\4\0\0\0\10\0\0\0\30\0\0 \0@`\0\10!\20\2\t$ P\30\1`=\5\3a\5\0H\200@\0\200\0\10\0\0\0\0\33\0\0\0\37\0\0\0\0\0\0\0 \0\0\0!\0\0\0#\0\0\0$\0\0\0", 832) = 832
917600 fstat(3, {st_mode=S_IFREG|0644, st_size=198664, ...}) = 0
917600 mmap(NULL, 233888, PROT_READ, MAP_PRIVATE|MAP_DENYWRITE, 3, 0) = 0x7e0cdb822000
917600 mmap(0x7e0cdb824000, 86016, PROT_READ|PROT_EXEC, MAP_PRIVATE|MAP_FIXED|MAP_DENYWRITE, 3, 0x2000) = 0x7e0cdb824000
917600 mmap(0x7e0cdb839000, 102400, PROT_READ, MAP_PRIVATE|MAP_FIXED|MAP_DENYWRITE, 3, 0x17000) = 0x7e0cdb839000
917600 mmap(0x7e0cdb852000, 8192, PROT_READ|PROT_WRITE, MAP_PRIVATE|MAP_FIXED|MAP_DENYWRITE, 3, 0x2f000) = 0x7e0cdb852000
917600 mmap(0x7e0cdb854000, 29088, PROT_READ|PROT_WRITE, MAP_PRIVATE|MAP_FIXED|MAP_ANONYMOUS, -1, 0) = 0x7e0cdb854000
917600 close(3)                         = 0
917600 openat(AT_FDCWD, "/lib/x86_64-linux-gnu/libpcre2-8.so.0", O_RDONLY|O_CLOEXEC) = 3
917600 read(3, "\177ELF\2\1\1\0\0\0\0\0\0\0\0\0\3\0>\0\1\0\0\0\0\0\0\0\0\0\0\0@\0\0\0\0\0\0\0\200\203\t\0\0\0\0\0\0\0\0\0@\08\0\v\0@\0\35\0\34\0\1\0\0\0\4\0\0\0\0\0\0\0\0\0\0\0\0\0\0\0\0\0\0\0\0\0\0\0\0\0\0\0h\36\0\0\0\0\0\0h\36\0\0\0\0\0\0\0\20\0\0\0\0\0\0\1\0\0\0\5\0\0\0\0 \0\0\0\0\0\0\0 \0\0\0\0\0\0\0 \0\0\0\0\0\0}\322\6\0\0\0\0\0}\322\6\0\0\0\0\0\0\20\0\0\0\0\0\0\1\0\0\0\4\0\0\0\0\0\7\0\0\0\0\0\0\0\7\0\0\0\0\0\0\0\7\0\0\0\0\0pr\2\0\0\0\0\0pr\2\0\0\0\0\0\0\20\0\0\0\0\0\0\1\0\0\0\6\0\0\0\360|\t\0\0\0\0\0\360\214\t\0\0\0\0\0\360\214\t\0\0\0\0\0H\5\0\0\0\0\0\0 \6\0\0\0\0\0\0\0\20\0\0\0\0\0\0\2\0\0\0\6\0\0\0\340}\t\0\0\0\0\0\340\215\t\0\0\0\0\0\340\215\t\0\0\0\0\0\320\1\0\0\0\0\0\0\320\1\0\0\0\0\0\0\10\0\0\0\0\0\0\0\4\0\0\0\4\0\0\0\250\2\0\0\0\0\0\0\250\2\0\0\0\0\0\0\250\2\0\0\0\0\0\0 \0\0\0\0\0\0\0 \0\0\0\0\0\0\0\10\0\0\0\0\0\0\0\4\0\0\0\4\0\0\0\310\2\0\0\0\0\0\0\310\2\0\0\0\0\0\0\310\2\0\0\0\0\0\0$\0\0\0\0\0\0\0$\0\0\0\0\0\0\0\4\0\0\0\0\0\0\0S\345td\4\0\0\0\250\2\0\0\0\0\0\0\250\2\0\0\0\0\0\0\250\2\0\0\0\0\0\0 \0\0\0\0\0\0\0 \0\0\0\0\0\0\0\10\0\0\0\0\0\0\0P\345td\4\0\0\0\244A\t\0\0\0\0\0\244A\t\0\0\0\0\0\244A\t\0\0\0\0\0\304\7\0\0\0\0\0\0\304\7\0\0\0\0\0\0\4\0\0\0\0\0\0\0Q\345td\6\0\0\0\0\0\0\0\0\0\0\0\0\0\0\0\0\0\0\0\0\0\0\0\0\0\0\0\0\0\0\0\0\0\0\0\0\0\0\0\0\0\0\0\20\0\0\0\0\0\0\0R\345td\4\0\0\0\360|\t\0\0\0\0\0\360\214\t\0\0\0\0\0\360\214\t\0\0\0\0\0\20\3\0\0\0\0\0\0\20\3\0\0\0\0\0\0\1\0\0\0\0\0\0\0\4\0\0\0\20\0\0\0\5\0\0\0GNU\0\2\0\0\300\4\0\0\0\3\0\0\0\0\0\0\0\4\0\0\0\24\0\0\0\3\0\0\0GNU\0o\304v\247ObX\351\339\206I\204\240\5\212\232!\321\235\0\0\0\0C\0\0\0\33\0\0\0\10\0\0\0\t\0\0\0#&`tELfQ\3D\6\0\245\244\25\252\"\2\0\3@\0\2\0\30\22\201\210\0\200H\0\"\0020\20P\2X\0t\20AA(SB\201\0 \31\244\222\2@T\18\314\0217\4\1&", 832) = 832
917600 fstat(3, {st_mode=S_IFREG|0644, st_size=625344, ...}) = 0
917600 mmap(NULL, 627472, PROT_READ, MAP_PRIVATE|MAP_DENYWRITE, 3, 0) = 0x7e0cdb788000
917600 mmap(0x7e0cdb78a000, 450560, PROT_READ|PROT_EXEC, MAP_PRIVATE|MAP_FIXED|MAP_DENYWRITE, 3, 0x2000) = 0x7e0cdb78a000
917600 mmap(0x7e0cdb7f8000, 163840, PROT_READ, MAP_PRIVATE|MAP_FIXED|MAP_DENYWRITE, 3, 0x70000) = 0x7e0cdb7f8000
917600 mmap(0x7e0cdb820000, 8192, PROT_READ|PROT_WRITE, MAP_PRIVATE|MAP_FIXED|MAP_DENYWRITE, 3, 0x97000) = 0x7e0cdb820000
917600 close(3)                         = 0
917600 openat(AT_FDCWD, "/lib/x86_64-linux-gnu/libssl.so.3", O_RDONLY|O_CLOEXEC) = 3
917600 read(3, "\177ELF\2\1\1\0\0\0\0\0\0\0\0\0\3\0>\0\1\0\0\0\0\0\0\0\0\0\0\0@\0\0\0\0\0\0\0\200\231\n\0\0\0\0\0\0\0\0\0@\08\0\v\0@\0\35\0\34\0\1\0\0\0\4\0\0\0\0\0\0\0\0\0\0\0\0\0\0\0\0\0\0\0\0\0\0\0\0\0\0\0\300\334\1\0\0\0\0\0\300\334\1\0\0\0\0\0\0\20\0\0\0\0\0\0\1\0\0\0\5\0\0\0\0\340\1\0\0\0\0\0\0\340\1\0\0\0\0\0\0\340\1\0\0\0\0\0!\27\6\0\0\0\0\0!\27\6\0\0\0\0\0\0\20\0\0\0\0\0\0\1\0\0\0\4\0\0\0\0\0\10\0\0\0\0\0\0\0\10\0\0\0\0\0\0\0\10\0\0\0\0\0\0\276\1\0\0\0\0\0\0\276\1\0\0\0\0\0\0\20\0\0\0\0\0\0\1\0\0\0\6\0\0\0\320\314\t\0\0\0\0\0\320\314\t\0\0\0\0\0\320\314\t\0\0\0\0\0`\313\0\0\0\0\0\0\240\313\0\0\0\0\0\0\0\20\0\0\0\0\0\0\2\0\0\0\6\0\0\0\320M\n\0\0\0\0\0\320M\n\0\0\0\0\0\320M\n\0\0\0\0\0 \2\0\0\0\0\0\0 \2\0\0\0\0\0\0\10\0\0\0\0\0\0\0\4\0\0\0\4\0\0\0\250\2\0\0\0\0\0\0\250\2\0\0\0\0\0\0\250\2\0\0\0\0\0\0 \0\0\0\0\0\0\0 \0\0\0\0\0\0\0\10\0\0\0\0\0\0\0\4\0\0\0\4\0\0\0\310\2\0\0\0\0\0\0\310\2\0\0\0\0\0\0\310\2\0\0\0\0\0\0$\0\0\0\0\0\0\0$\0\0\0\0\0\0\0\4\0\0\0\0\0\0\0S\345td\4\0\0\0\250\2\0\0\0\0\0\0\250\2\0\0\0\0\0\0\250\2\0\0\0\0\0\0 \0\0\0\0\0\0\0 \0\0\0\0\0\0\0\10\0\0\0\0\0\0\0P\345td\4\0\0\0\244\346\10\0\0\0\0\0\244\346\10\0\0\0\0\0\244\346\10\0\0\0\0\0l(\0\0\0\0\0\0l(\0\0\0\0\0\0\4\0\0\0\0\0\0\0Q\345td\6\0\0\0\0\0\0\0\0\0\0\0\0\0\0\0\0\0\0\0\0\0\0\0\0\0\0\0\0\0\0\0\0\0\0\0\0\0\0\0\0\0\0\0\20\0\0\0\0\0\0\0R\345td\4\0\0\0\320\314\t\0\0\0\0\0\320\314\t\0\0\0\0\0\320\314\t\0\0\0\0\0000\223\0\0\0\0\0\0000\223\0\0\0\0\0\0\1\0\0\0\0\0\0\0\4\0\0\0\20\0\0\0\5\0\0\0GNU\0\2\0\0\300\4\0\0\0\3\0\0\0\0\0\0\0\4\0\0\0\24\0\0\0\3\0\0\0GNU\0\253\2571\251\2\266\216\313\205\177\221]\250(\35\270\261\245\7\25\0\0\0\0\7\1\0\0\t\2\0\0@\0\0\0\f\0\0\0\0\30\221`\224L1\3\4\221 $\2\0E \4\0\10\0\3\n\0\0\210\241H\0\2(8@\21\229\0 @\20 \1\1\2\0\0\6\22\4\26\0\7\0\0\1 h\20\10\200\217E\" \0", 832) = 832
917600 fstat(3, {st_mode=S_IFREG|0644, st_size=696512, ...}) = 0
917600 mmap(NULL, 694384, PROT_READ, MAP_PRIVATE|MAP_DENYWRITE, 3, 0) = 0x7e0cdb6de000
917600 mmap(0x7e0cdb6fc000, 401408, PROT_READ|PROT_EXEC, MAP_PRIVATE|MAP_FIXED|MAP_DENYWRITE, 3, 0x1e000) = 0x7e0cdb6fc000
917600 mmap(0x7e0cdb75e000, 114688, PROT_READ, MAP_PRIVATE|MAP_FIXED|MAP_DENYWRITE, 3, 0x80000) = 0x7e0cdb75e000
917600 mmap(0x7e0cdb77a000, 57344, PROT_READ|PROT_WRITE, MAP_PRIVATE|MAP_FIXED|MAP_DENYWRITE, 3, 0x9c000) = 0x7e0cdb77a000
917600 close(3)                         = 0
917600 openat(AT_FDCWD, "/lib/x86_64-linux-gnu/libcrypto.so.3", O_RDONLY|O_CLOEXEC) = 3
917600 read(3, "\177ELF\2\1\1\0\0\0\0\0\0\0\0\0\3\0>\0\1\0\0\0\0\0\0\0\0\0\0\0@\0\0\0\0\0\0\0\230\374P\0\0\0\0\0\0\0\0\0@\08\0\v\0@\0\35\0\34\0\1\0\0\0\4\0\0\0\0\0\0\0\0\0\0\0\0\0\0\0\0\0\0\0\0\0\0\0\0\0\0\0p/\v\0\0\0\0\0p/\v\0\0\0\0\0\0\20\0\0\0\0\0\0\1\0\0\0\5\0\0\0\0000\v\0\0\0\0\0\0000\v\0\0\0\0\0\0000\v\0\0\0\0\0\30113\0\0\0\0\0\30113\0\0\0\0\0\0\20\0\0\0\0\0\0\1\0\0\0\4\0\0\0\0p>\0\0\0\0\0\0p>\0\0\0\0\0\0p>\0\0\0\0\0 \245\f\0\0\0\0\0 \245\f\0\0\0\0\0\0\20\0\0\0\0\0\0\1\0\0\0\6\0\0\0\360\35K\0\0\0\0\0\360-K\0\0\0\0\0\360-K\0\0\0\0\0X\335\5\0\0\0\0\0\340\r\6\0\0\0\0\0\0\20\0\0\0\0\0\0\2\0\0\0\6\0\0\0p\310P\0\0\0\0\0p\330P\0\0\0\0\0p\330P\0\0\0\0\0\20\2\0\0\0\0\0\0\20\2\0\0\0\0\0\0\10\0\0\0\0\0\0\0\4\0\0\0\4\0\0\0\250\2\0\0\0\0\0\0\250\2\0\0\0\0\0\0\250\2\0\0\0\0\0\0 \0\0\0\0\0\0\0 \0\0\0\0\0\0\0\10\0\0\0\0\0\0\0\4\0\0\0\4\0\0\0\310\2\0\0\0\0\0\0\310\2\0\0\0\0\0\0\310\2\0\0\0\0\0\0$\0\0\0\0\0\0\0$\0\0\0\0\0\0\0\4\0\0\0\0\0\0\0S\345td\4\0\0\0\250\2\0\0\0\0\0\0\250\2\0\0\0\0\0\0\250\2\0\0\0\0\0\0 \0\0\0\0\0\0\0 \0\0\0\0\0\0\0\10\0\0\0\0\0\0\0P\345td\4\0\0\0\240\nD\0\0\0\0\0\240\nD\0\0\0\0\0\240\nD\0\0\0\0\0TU\1\0\0\0\0\0TU\1\0\0\0\0\0\4\0\0\0\0\0\0\0Q\345td\6\0\0\0\0\0\0\0\0\0\0\0\0\0\0\0\0\0\0\0\0\0\0\0\0\0\0\0\0\0\0\0\0\0\0\0\0\0\0\0\0\0\0\0\20\0\0\0\0\0\0\0R\345td\4\0\0\0\360\35K\0\0\0\0\0\360-K\0\0\0\0\0\360-K\0\0\0\0\0\20\262\5\0\0\0\0\0\20\262\5\0\0\0\0\0\1\0\0\0\0\0\0\0\4\0\0\0\20\0\0\0\5\0\0\0GNU\0\2\0\0\300\4\0\0\0\3\0\0\0\0\0\0\0\4\0\0\0\24\0\0\0\3\0\0\0GNU\0\20\"\3\325\330\v\t\364\6f\n\335\341\255\244j'\360\207\257\0\0\0\0\3\20\0\0\217\0\0\0\0\2\0\0\17\0\0\0Y\32X\305M\4\241\300a\0\0\1\0 \5\250\201\0\0\10\30\206\4\240\0\1\0\300\231\0\301\0\201\204\3\21\204\244a\0V\10\254\310\0\213\200\24\203\0\2124\31\3\351\204\10\0$\30\0\2\0050", 832) = 832
917600 fstat(3, {st_mode=S_IFREG|0644, st_size=5309400, ...}) = 0
917600 mmap(NULL, 5323728, PROT_READ, MAP_PRIVATE|MAP_DENYWRITE, 3, 0) = 0x7e0cdb000000
917600 mmap(0x7e0cdb0b3000, 3358720, PROT_READ|PROT_EXEC, MAP_PRIVATE|MAP_FIXED|MAP_DENYWRITE, 3, 0xb3000) = 0x7e0cdb0b3000
917600 mmap(0x7e0cdb3e7000, 831488, PROT_READ, MAP_PRIVATE|MAP_FIXED|MAP_DENYWRITE, 3, 0x3e7000) = 0x7e0cdb3e7000
917600 mmap(0x7e0cdb4b2000, 389120, PROT_READ|PROT_WRITE, MAP_PRIVATE|MAP_FIXED|MAP_DENYWRITE, 3, 0x4b1000) = 0x7e0cdb4b2000
917600 mmap(0x7e0cdb511000, 11216, PROT_READ|PROT_WRITE, MAP_PRIVATE|MAP_FIXED|MAP_ANONYMOUS, -1, 0) = 0x7e0cdb511000
917600 close(3)                         = 0
917600 openat(AT_FDCWD, "/lib/x86_64-linux-gnu/libz.so.1", O_RDONLY|O_CLOEXEC) = 3
917600 read(3, "\177ELF\2\1\1\0\0\0\0\0\0\0\0\0\3\0>\0\1\0\0\0\0\0\0\0\0\0\0\0@\0\0\0\0\0\0\0\350\261\1\0\0\0\0\0\0\0\0\0@\08\0\v\0@\0\36\0\35\0\1\0\0\0\4\0\0\0\0\0\0\0\0\0\0\0\0\0\0\0\0\0\0\0\0\0\0\0\0\0\0\0\0 \0\0\0\0\0\0\0 \0\0\0\0\0\0\0\20\0\0\0\0\0\0\1\0\0\0\5\0\0\0\0 \0\0\0\0\0\0\0 \0\0\0\0\0\0\0 \0\0\0\0\0\0M\34\1\0\0\0\0\0M\34\1\0\0\0\0\0\0\20\0\0\0\0\0\0\1\0\0\0\4\0\0\0\0@\1\0\0\0\0\0\0@\1\0\0\0\0\0\0@\1\0\0\0\0\0x^\0\0\0\0\0\0x^\0\0\0\0\0\0\0\20\0\0\0\0\0\0\1\0\0\0\6\0\0\0p\254\1\0\0\0\0\0p\254\1\0\0\0\0\0p\254\1\0\0\0\0\0 \4\0\0\0\0\0\0(\4\0\0\0\0\0\0\0\20\0\0\0\0\0\0\2\0\0\0\6\0\0\0\320\255\1\0\0\0\0\0\320\255\1\0\0\0\0\0\320\255\1\0\0\0\0\0\360\1\0\0\0\0\0\0\360\1\0\0\0\0\0\0\10\0\0\0\0\0\0\0\4\0\0\0\4\0\0\0\250\2\0\0\0\0\0\0\250\2\0\0\0\0\0\0\250\2\0\0\0\0\0\0 \0\0\0\0\0\0\0 \0\0\0\0\0\0\0\10\0\0\0\0\0\0\0\4\0\0\0\4\0\0\0\310\2\0\0\0\0\0\0\310\2\0\0\0\0\0\0\310\2\0\0\0\0\0\0$\0\0\0\0\0\0\0$\0\0\0\0\0\0\0\4\0\0\0\0\0\0\0S\345td\4\0\0\0\250\2\0\0\0\0\0\0\250\2\0\0\0\0\0\0\250\2\0\0\0\0\0\0 \0\0\0\0\0\0\0 \0\0\0\0\0\0\0\10\0\0\0\0\0\0\0P\345td\4\0\0\0\210\207\1\0\0\0\0\0\210\207\1\0\0\0\0\0\210\207\1\0\0\0\0\0\344\3\0\0\0\0\0\0\344\3\0\0\0\0\0\0\4\0\0\0\0\0\0\0Q\345td\6\0\0\0\0\0\0\0\0\0\0\0\0\0\0\0\0\0\0\0\0\0\0\0\0\0\0\0\0\0\0\0\0\0\0\0\0\0\0\0\0\0\0\0\20\0\0\0\0\0\0\0R\345td\4\0\0\0p\254\1\0\0\0\0\0p\254\1\0\0\0\0\0p\254\1\0\0\0\0\0\220\3\0\0\0\0\0\0\220\3\0\0\0\0\0\0\1\0\0\0\0\0\0\0\4\0\0\0\20\0\0\0\5\0\0\0GNU\0\2\0\0\300\4\0\0\0\3\0\0\0\0\0\0\0\4\0\0\0\24\0\0\0\3\0\0\0GNU\0\273\357\342\273\3346{\f<\373\374\370\fW\2310Io\271c\0\0\0\0a\0\0\0\26\0\0\0\20\0\0\0\n\0\0\0\0\"@b\f\3\2\0E\0\0A\10\4\5\22\4\1\204\4\0\7\10\0\4\1\26\n\0\21\2\0\0A\0\224\204\204\10\10\0l\0\24 \260\204\200\0\2603@\t\360d\200\2B\206\0\0\0\4\20", 832) = 832
917600 fstat(3, {st_mode=S_IFREG|0644, st_size=113000, ...}) = 0
917600 mmap(NULL, 110744, PROT_READ, MAP_PRIVATE|MAP_DENYWRITE, 3, 0) = 0x7e0cdb6c2000
917600 mmap(0x7e0cdb6c4000, 73728, PROT_READ|PROT_EXEC, MAP_PRIVATE|MAP_FIXED|MAP_DENYWRITE, 3, 0x2000) = 0x7e0cdb6c4000
917600 mmap(0x7e0cdb6d6000, 24576, PROT_READ, MAP_PRIVATE|MAP_FIXED|MAP_DENYWRITE, 3, 0x14000) = 0x7e0cdb6d6000
917600 mmap(0x7e0cdb6dc000, 8192, PROT_READ|PROT_WRITE, MAP_PRIVATE|MAP_FIXED|MAP_DENYWRITE, 3, 0x1a000) = 0x7e0cdb6dc000
917600 close(3)                         = 0
917600 openat(AT_FDCWD, "/lib/x86_64-linux-gnu/libc.so.6", O_RDONLY|O_CLOEXEC) = 3
917600 read(3, "\177ELF\2\1\1\3\0\0\0\0\0\0\0\0\3\0>\0\1\0\0\0\220\243\2\0\0\0\0\0@\0\0\0\0\0\0\0\20^ \0\0\0\0\0\0\0\0\0@\08\0\16\0@\0@\0?\0\6\0\0\0\4\0\0\0@\0\0\0\0\0\0\0@\0\0\0\0\0\0\0@\0\0\0\0\0\0\0\20\3\0\0\0\0\0\0\20\3\0\0\0\0\0\0\10\0\0\0\0\0\0\0\3\0\0\0\4\0\0\0\240g\35\0\0\0\0\0\240g\35\0\0\0\0\0\240g\35\0\0\0\0\0\34\0\0\0\0\0\0\0\34\0\0\0\0\0\0\0\20\0\0\0\0\0\0\0\1\0\0\0\4\0\0\0\0\0\0\0\0\0\0\0\0\0\0\0\0\0\0\0\0\0\0\0\0\0\0\0\220s\2\0\0\0\0\0\220s\2\0\0\0\0\0\0\20\0\0\0\0\0\0\1\0\0\0\5\0\0\0\0\200\2\0\0\0\0\0\0\200\2\0\0\0\0\0\0\200\2\0\0\0\0\09}\30\0\0\0\0\09}\30\0\0\0\0\0\0\20\0\0\0\0\0\0\1\0\0\0\4\0\0\0\0\0\33\0\0\0\0\0\0\0\33\0\0\0\0\0\0\0\33\0\0\0\0\0\202\340\4\0\0\0\0\0\202\340\4\0\0\0\0\0\0\20\0\0\0\0\0\0\1\0\0\0\6\0\0\0`\354\37\0\0\0\0\0`\374\37\0\0\0\0\0`\374\37\0\0\0\0\0hJ\0\0\0\0\0\0000!\1\0\0\0\0\0\0\20\0\0\0\0\0\0\2\0\0\0\6\0\0\0@\31 \0\0\0\0\0@) \0\0\0\0\0@) \0\0\0\0\0@\2\0\0\0\0\0\0@\2\0\0\0\0\0\0\10\0\0\0\0\0\0\0\4\0\0\0\4\0\0\0P\3\0\0\0\0\0\0P\3\0\0\0\0\0\0P\3\0\0\0\0\0\0000\0\0\0\0\0\0\0000\0\0\0\0\0\0\0\10\0\0\0\0\0\0\0\4\0\0\0\4\0\0\0\200\3\0\0\0\0\0\0\200\3\0\0\0\0\0\0\200\3\0\0\0\0\0\0D\0\0\0\0\0\0\0D\0\0\0\0\0\0\0\4\0\0\0\0\0\0\0\7\0\0\0\4\0\0\0`\354\37\0\0\0\0\0`\374\37\0\0\0\0\0`\374\37\0\0\0\0\0\20\0\0\0\0\0\0\0\210\0\0\0\0\0\0\0\10\0\0\0\0\0\0\0S\345td\4\0\0\0P\3\0\0\0\0\0\0P\3\0\0\0\0\0\0P\3\0\0\0\0\0\0000\0\0\0\0\0\0\0000\0\0\0\0\0\0\0\10\0\0\0\0\0\0\0P\345td\4\0\0\0\274g\35\0\0\0\0\0\274g\35\0\0\0\0\0\274g\35\0\0\0\0\0lv\0\0\0\0\0\0lv\0\0\0\0\0\0\4\0\0\0\0\0\0\0Q\345td\6\0\0\0\0\0\0\0\0\0\0\0\0\0\0\0\0\0\0\0\0\0\0\0\0\0\0\0\0\0\0\0\0\0\0\0\0\0\0\0\0\0\0\0\20\0\0\0\0\0\0\0R\345td\4\0\0\0`\354\37\0\0\0\0\0`\374\37\0\0\0\0\0`\374\37\0\0\0\0\0\2403\0\0\0\0\0\0", 832) = 832
917600 pread64(3, "\6\0\0\0\4\0\0\0@\0\0\0\0\0\0\0@\0\0\0\0\0\0\0@\0\0\0\0\0\0\0\20\3\0\0\0\0\0\0\20\3\0\0\0\0\0\0\10\0\0\0\0\0\0\0\3\0\0\0\4\0\0\0\240g\35\0\0\0\0\0\240g\35\0\0\0\0\0\240g\35\0\0\0\0\0\34\0\0\0\0\0\0\0\34\0\0\0\0\0\0\0\20\0\0\0\0\0\0\0\1\0\0\0\4\0\0\0\0\0\0\0\0\0\0\0\0\0\0\0\0\0\0\0\0\0\0\0\0\0\0\0\220s\2\0\0\0\0\0\220s\2\0\0\0\0\0\0\20\0\0\0\0\0\0\1\0\0\0\5\0\0\0\0\200\2\0\0\0\0\0\0\200\2\0\0\0\0\0\0\200\2\0\0\0\0\09}\30\0\0\0\0\09}\30\0\0\0\0\0\0\20\0\0\0\0\0\0\1\0\0\0\4\0\0\0\0\0\33\0\0\0\0\0\0\0\33\0\0\0\0\0\0\0\33\0\0\0\0\0\202\340\4\0\0\0\0\0\202\340\4\0\0\0\0\0\0\20\0\0\0\0\0\0\1\0\0\0\6\0\0\0`\354\37\0\0\0\0\0`\374\37\0\0\0\0\0`\374\37\0\0\0\0\0hJ\0\0\0\0\0\0000!\1\0\0\0\0\0\0\20\0\0\0\0\0\0\2\0\0\0\6\0\0\0@\31 \0\0\0\0\0@) \0\0\0\0\0@) \0\0\0\0\0@\2\0\0\0\0\0\0@\2\0\0\0\0\0\0\10\0\0\0\0\0\0\0\4\0\0\0\4\0\0\0P\3\0\0\0\0\0\0P\3\0\0\0\0\0\0P\3\0\0\0\0\0\0000\0\0\0\0\0\0\0000\0\0\0\0\0\0\0\10\0\0\0\0\0\0\0\4\0\0\0\4\0\0\0\200\3\0\0\0\0\0\0\200\3\0\0\0\0\0\0\200\3\0\0\0\0\0\0D\0\0\0\0\0\0\0D\0\0\0\0\0\0\0\4\0\0\0\0\0\0\0\7\0\0\0\4\0\0\0`\354\37\0\0\0\0\0`\374\37\0\0\0\0\0`\374\37\0\0\0\0\0\20\0\0\0\0\0\0\0\210\0\0\0\0\0\0\0\10\0\0\0\0\0\0\0S\345td\4\0\0\0P\3\0\0\0\0\0\0P\3\0\0\0\0\0\0P\3\0\0\0\0\0\0000\0\0\0\0\0\0\0000\0\0\0\0\0\0\0\10\0\0\0\0\0\0\0P\345td\4\0\0\0\274g\35\0\0\0\0\0\274g\35\0\0\0\0\0\274g\35\0\0\0\0\0lv\0\0\0\0\0\0lv\0\0\0\0\0\0\4\0\0\0\0\0\0\0Q\345td\6\0\0\0\0\0\0\0\0\0\0\0\0\0\0\0\0\0\0\0\0\0\0\0\0\0\0\0\0\0\0\0\0\0\0\0\0\0\0\0\0\0\0\0\20\0\0\0\0\0\0\0R\345td\4\0\0\0`\354\37\0\0\0\0\0`\374\37\0\0\0\0\0`\374\37\0\0\0\0\0\2403\0\0\0\0\0\0\2403\0\0\0\0\0\0\1\0\0\0\0\0\0\0", 784, 64) = 784
917600 fstat(3, {st_mode=S_IFREG|0755, st_size=2125328, ...}) = 0
917600 mmap(NULL, 8192, PROT_READ|PROT_WRITE, MAP_PRIVATE|MAP_ANONYMOUS, -1, 0) = 0x7e0cdb6c0000
917600 pread64(3, "\6\0\0\0\4\0\0\0@\0\0\0\0\0\0\0@\0\0\0\0\0\0\0@\0\0\0\0\0\0\0\20\3\0\0\0\0\0\0\20\3\0\0\0\0\0\0\10\0\0\0\0\0\0\0\3\0\0\0\4\0\0\0\240g\35\0\0\0\0\0\240g\35\0\0\0\0\0\240g\35\0\0\0\0\0\34\0\0\0\0\0\0\0\34\0\0\0\0\0\0\0\20\0\0\0\0\0\0\0\1\0\0\0\4\0\0\0\0\0\0\0\0\0\0\0\0\0\0\0\0\0\0\0\0\0\0\0\0\0\0\0\220s\2\0\0\0\0\0\220s\2\0\0\0\0\0\0\20\0\0\0\0\0\0\1\0\0\0\5\0\0\0\0\200\2\0\0\0\0\0\0\200\2\0\0\0\0\0\0\200\2\0\0\0\0\09}\30\0\0\0\0\09}\30\0\0\0\0\0\0\20\0\0\0\0\0\0\1\0\0\0\4\0\0\0\0\0\33\0\0\0\0\0\0\0\33\0\0\0\0\0\0\0\33\0\0\0\0\0\202\340\4\0\0\0\0\0\202\340\4\0\0\0\0\0\0\20\0\0\0\0\0\0\1\0\0\0\6\0\0\0`\354\37\0\0\0\0\0`\374\37\0\0\0\0\0`\374\37\0\0\0\0\0hJ\0\0\0\0\0\0000!\1\0\0\0\0\0\0\20\0\0\0\0\0\0\2\0\0\0\6\0\0\0@\31 \0\0\0\0\0@) \0\0\0\0\0@) \0\0\0\0\0@\2\0\0\0\0\0\0@\2\0\0\0\0\0\0\10\0\0\0\0\0\0\0\4\0\0\0\4\0\0\0P\3\0\0\0\0\0\0P\3\0\0\0\0\0\0P\3\0\0\0\0\0\0000\0\0\0\0\0\0\0000\0\0\0\0\0\0\0\10\0\0\0\0\0\0\0\4\0\0\0\4\0\0\0\200\3\0\0\0\0\0\0\200\3\0\0\0\0\0\0\200\3\0\0\0\0\0\0D\0\0\0\0\0\0\0D\0\0\0\0\0\0\0\4\0\0\0\0\0\0\0\7\0\0\0\4\0\0\0`\354\37\0\0\0\0\0`\374\37\0\0\0\0\0`\374\37\0\0\0\0\0\20\0\0\0\0\0\0\0\210\0\0\0\0\0\0\0\10\0\0\0\0\0\0\0S\345td\4\0\0\0P\3\0\0\0\0\0\0P\3\0\0\0\0\0\0P\3\0\0\0\0\0\0000\0\0\0\0\0\0\0000\0\0\0\0\0\0\0\10\0\0\0\0\0\0\0P\345td\4\0\0\0\274g\35\0\0\0\0\0\274g\35\0\0\0\0\0\274g\35\0\0\0\0\0lv\0\0\0\0\0\0lv\0\0\0\0\0\0\4\0\0\0\0\0\0\0Q\345td\6\0\0\0\0\0\0\0\0\0\0\0\0\0\0\0\0\0\0\0\0\0\0\0\0\0\0\0\0\0\0\0\0\0\0\0\0\0\0\0\0\0\0\0\20\0\0\0\0\0\0\0R\345td\4\0\0\0`\354\37\0\0\0\0\0`\374\37\0\0\0\0\0`\374\37\0\0\0\0\0\2403\0\0\0\0\0\0\2403\0\0\0\0\0\0\1\0\0\0\0\0\0\0", 784, 64) = 784
917600 mmap(NULL, 2170256, PROT_READ, MAP_PRIVATE|MAP_DENYWRITE, 3, 0) = 0x7e0cdac00000
917600 mmap(0x7e0cdac28000, 1605632, PROT_READ|PROT_EXEC, MAP_PRIVATE|MAP_FIXED|MAP_DENYWRITE, 3, 0x28000) = 0x7e0cdac28000
917600 mmap(0x7e0cdadb0000, 323584, PROT_READ, MAP_PRIVATE|MAP_FIXED|MAP_DENYWRITE, 3, 0x1b0000) = 0x7e0cdadb0000
917600 mmap(0x7e0cdadff000, 24576, PROT_READ|PROT_WRITE, MAP_PRIVATE|MAP_FIXED|MAP_DENYWRITE, 3, 0x1fe000) = 0x7e0cdadff000
917600 mmap(0x7e0cdae05000, 52624, PROT_READ|PROT_WRITE, MAP_PRIVATE|MAP_FIXED|MAP_ANONYMOUS, -1, 0) = 0x7e0cdae05000
917600 close(3)                         = 0
917600 mmap(NULL, 12288, PROT_READ|PROT_WRITE, MAP_PRIVATE|MAP_ANONYMOUS, -1, 0) = 0x7e0cdb6bd000
917600 arch_prctl(ARCH_SET_FS, 0x7e0cdb6bd740) = 0
917600 set_tid_address(0x7e0cdb6bda10)  = 917600
917600 set_robust_list(0x7e0cdb6bda20, 24) = 0
917600 rseq(0x7e0cdb6be060, 0x20, 0, 0x53053053) = 0
917600 mprotect(0x7e0cdadff000, 16384, PROT_READ) = 0
917600 mprotect(0x7e0cdb6dc000, 4096, PROT_READ) = 0
917600 mprotect(0x7e0cdb4b2000, 376832, PROT_READ) = 0
917600 mprotect(0x7e0cdb77a000, 40960, PROT_READ) = 0
917600 mprotect(0x7e0cdb820000, 4096, PROT_READ) = 0
917600 mprotect(0x7e0cdb852000, 4096, PROT_READ) = 0
917600 mprotect(0x602c1311b000, 8192, PROT_READ) = 0
917600 mprotect(0x7e0cdb8b3000, 8192, PROT_READ) = 0
917600 prlimit64(0, RLIMIT_STACK, NULL, {rlim_cur=8192*1024, rlim_max=RLIM64_INFINITY}) = 0
917600 munmap(0x7e0cdb85c000, 98403)    = 0
917600 getrandom("\x0a\xbd\xb6\x7c\x70\xe3\xc2\x3e", 8, GRND_NONBLOCK) = 8
917600 brk(NULL)                        = 0x602c3e63a000
917600 brk(0x602c3e65b000)              = 0x602c3e65b000
917600 openat(AT_FDCWD, "/etc/localtime", O_RDONLY|O_CLOEXEC) = 3
917600 fstat(3, {st_mode=S_IFREG|0644, st_size=2184, ...}) = 0
917600 fstat(3, {st_mode=S_IFREG|0644, st_size=2184, ...}) = 0
917600 read(3, "TZif2\0\0\0\0\0\0\0\0\0\0\0\0\0\0\0\0\0\0\10\0\0\0\10\0\0\0\0\0\0\0\210\0\0\0\10\0\0\0\21\200\0\0\0\267\260\322\10\271>\363`\271\357\234`\272\337\215`\273\317~`\274\310\251\340\275\270\232\340\276\250\213\340\277\230|\340\300\210m\340\301x^\340\302hO\340\303X@\340\304H1\340\3058\"\340\306(\23\340\307\30\4\340\21\255\321`\22S\340P\23M\v\320\0243\320`\25#\335\200\26\23\316\200\27\3\277\200\27\363\260\200\30\343\241\200\31\323\222\200\32\303\203\200\33\274\257\0\34\254\240\0\35\234\221\0\36\214\202\0\37|s\0 ld\0!\\U\0\"LF\0#<7\0$,(\0%\34\31\0&\f\n\0'\0055\200'\365\n`(\344\373`)\324\354`*\304\335`+\264\316`,\244\277`-\224\260`.\204\223P/t\222`0duP1]\256\3402r{\3203=\273\0204R\226\0205\35\235\02062x\0206\375\177\208\33\224\2208\335a\209\373v\220:\275C\20;\333X\220<\246_\220=\273:\220>\206A\220?\233\34\220@f#\220A\2049\20BF\5\220Cd\33\20D%\347\220EC\375\20F\5\311\220G#\337\20G\356\346\20I\3\301\20I\316\310\20J\343\243\20K\256\252\20L\314\277\220M\216\214\20N\254\241\220Onn\20P\214\203\220QW\212\220Rle\220S7l\220TLG\220U\27N\220V,)\220V\3670\220X\25F\20X\327\22\220Y\365(\20Z\266\364\220[\325\n\20\\\240\21\20]\264\354\20^\177\363\20_\224\316\20`_\325\20a}\352\220b?\267\20c]\314\220d\37\231\20e=\256\220f\10\265\220g\35\220\220g\350\227\220h\375r\220i\310y\220j\335T\220k\250[\220l\306q\20m\210=\220n\246S\20oh\37\220p\2065\20qQ<\20rf\27\20s1\36\20tE\371\20u\21\0\20v/\25\220v\360\342\20x\16\367\220x\320\304\20y\356\331\220z\260\246\20{\316\273\220|\231\302\220}\256\235\220~y\244\220\177\216\177\220\1\5\2\3\2\3\2\3\2\3\2\3\2\3\2\3\2\3\4\5\4\5\2\3\2\3\2\3\2\3\2\3\2\3\2\3\2\3\2\3\2\3\2\3\2\3\2\3\4\5\4\5\4\5\6\7\6\7\6\7\6\7\6\7\6\7\6\7\6\7\6\7\6\7\6\7\6\7\6\7\6\7\6\7\6\7\6\7\6\7\6\7\6\7\6\7\6\7\6\7\6\7\6\7\6\7\6\7\6\7\6\7\6\7\6\7\6\7\6\7\6\7\6\7\6\7\6\7\6\7\6\7\6\7\6\7\0\0\30x\0\0\0\0\30x\0\4\0\0*0\1\10\0\0\34 \0\r\0\0*0\1\10\0\0\34 \0\r\0\0*0\1\10\0\0\34 \0\rLMT\0BMT\0EEST\0EET\0\0\0\1\1\0\0\1\1\0\0\0\0\0\0\1\1TZif2\0\0\0\0\0\0\0\0\0\0\0\0\0\0\0\0\0\0\10\0\0\0\10\0\0\0\0\0\0\0\210\0\0\0\10\0\0\0\21\377\377\377\377l\317\340\10\377\377\377\377\267\260\322\10\377\377\377\377\271>\363`\377\377\377\377\271\357\234`\377\377\377\377\272\337\215`\377\377\377\377\273\317~`\377\377\377\377\274\310\251\340\377\377\377\377\275\270\232\340\377\377\377\377\276\250\213\340\377\377\377\377\277\230|\340\377\377\377\377\300\210m\340\377\377\377\377\301x^\340\377\377\377\377\302hO\340\377\377\377\377\303X@\340\377\377\377\377\304H1\340\377\377\377\377\3058\"\340\377\377\377\377\306(\23\340\377\377\377\377\307\30\4\340\0\0\0\0\21\255\321`\0\0\0\0\22S\340P\0\0\0\0\23M\v\320\0\0\0\0\0243\320`\0\0\0\0\25#\335\200\0\0\0\0\26\23\316\200\0\0\0\0\27\3\277\200\0\0\0\0\27\363\260\200\0\0\0\0\30\343\241\200\0\0\0\0\31\323\222\200\0\0\0\0\32\303\203\200\0\0\0\0\33\274\257\0\0\0\0\0\34\254\240\0\0\0\0\0\35\234\221\0\0\0\0\0\36\214\202\0\0\0\0\0\37|s\0\0\0\0\0 ld\0\0\0\0\0!\\U\0\0\0\0\0\"LF\0\0\0\0\0#<7\0\0\0\0\0$,(\0\0\0\0\0%\34\31\0\0\0\0\0&\f\n\0\0\0\0\0'\0055\200\0\0\0\0'\365\n`\0\0\0\0(\344\373`\0\0\0\0)\324\354`\0\0\0\0*\304\335`\0\0\0\0+\264\316`\0\0\0\0,\244\277`\0\0\0\0-\224\260`\0\0\0\0.\204\223P\0\0\0\0/t\222`\0\0\0\0000duP\0\0\0\0001]\256\340\0\0\0\0002r{\320\0\0\0\0003=\273\20\0\0\0\0004R\226\20\0\0\0\0005\35\235\20\0\0\0\00062x\20\0\0\0\0006\375\177\20\0\0\0\08\33\224\220\0\0\0\08\335a\20\0\0\0\09\373v\220\0\0\0\0:\275C\20\0\0\0\0;\333X\220\0\0\0\0<\246_\220\0\0\0\0=\273:\220\0\0\0\0>\206A\220\0\0\0\0?\233\34\220\0\0\0\0@f#\220\0\0\0\0A\2049\20\0\0\0\0BF\5\220\0\0\0\0Cd\33\20\0\0\0\0D%\347\220\0\0\0\0EC\375\20\0\0\0\0F\5\311\220\0\0\0\0G#\337\20\0\0\0\0G\356\346\20\0\0\0\0I\3\301\20\0\0\0\0I\316\310\20\0\0\0\0J\343\243\20\0\0\0\0K\256\252\20\0\0\0"..., 4096) = 2184
917600 lseek(3, -1379, SEEK_CUR)        = 805
917600 read(3, "TZif2\0\0\0\0\0\0\0\0\0\0\0\0\0\0\0\0\0\0\10\0\0\0\10\0\0\0\0\0\0\0\210\0\0\0\10\0\0\0\21\377\377\377\377l\317\340\10\377\377\377\377\267\260\322\10\377\377\377\377\271>\363`\377\377\377\377\271\357\234`\377\377\377\377\272\337\215`\377\377\377\377\273\317~`\377\377\377\377\274\310\251\340\377\377\377\377\275\270\232\340\377\377\377\377\276\250\213\340\377\377\377\377\277\230|\340\377\377\377\377\300\210m\340\377\377\377\377\301x^\340\377\377\377\377\302hO\340\377\377\377\377\303X@\340\377\377\377\377\304H1\340\377\377\377\377\3058\"\340\377\377\377\377\306(\23\340\377\377\377\377\307\30\4\340\0\0\0\0\21\255\321`\0\0\0\0\22S\340P\0\0\0\0\23M\v\320\0\0\0\0\0243\320`\0\0\0\0\25#\335\200\0\0\0\0\26\23\316\200\0\0\0\0\27\3\277\200\0\0\0\0\27\363\260\200\0\0\0\0\30\343\241\200\0\0\0\0\31\323\222\200\0\0\0\0\32\303\203\200\0\0\0\0\33\274\257\0\0\0\0\0\34\254\240\0\0\0\0\0\35\234\221\0\0\0\0\0\36\214\202\0\0\0\0\0\37|s\0\0\0\0\0 ld\0\0\0\0\0!\\U\0\0\0\0\0\"LF\0\0\0\0\0#<7\0\0\0\0\0$,(\0\0\0\0\0%\34\31\0\0\0\0\0&\f\n\0\0\0\0\0'\0055\200\0\0\0\0'\365\n`\0\0\0\0(\344\373`\0\0\0\0)\324\354`\0\0\0\0*\304\335`\0\0\0\0+\264\316`\0\0\0\0,\244\277`\0\0\0\0-\224\260`\0\0\0\0.\204\223P\0\0\0\0/t\222`\0\0\0\0000duP\0\0\0\0001]\256\340\0\0\0\0002r{\320\0\0\0\0003=\273\20\0\0\0\0004R\226\20\0\0\0\0005\35\235\20\0\0\0\00062x\20\0\0\0\0006\375\177\20\0\0\0\08\33\224\220\0\0\0\08\335a\20\0\0\0\09\373v\220\0\0\0\0:\275C\20\0\0\0\0;\333X\220\0\0\0\0<\246_\220\0\0\0\0=\273:\220\0\0\0\0>\206A\220\0\0\0\0?\233\34\220\0\0\0\0@f#\220\0\0\0\0A\2049\20\0\0\0\0BF\5\220\0\0\0\0Cd\33\20\0\0\0\0D%\347\220\0\0\0\0EC\375\20\0\0\0\0F\5\311\220\0\0\0\0G#\337\20\0\0\0\0G\356\346\20\0\0\0\0I\3\301\20\0\0\0\0I\316\310\20\0\0\0\0J\343\243\20\0\0\0\0K\256\252\20\0\0\0\0L\314\277\220\0\0\0\0M\216\214\20\0\0\0\0N\254\241\220\0\0\0\0Onn\20\0\0\0\0P\214\203\220\0\0\0\0QW\212\220\0\0\0\0Rle\220\0\0\0\0S7l\220\0\0\0\0TLG\220\0\0\0\0U\27N\220\0\0\0\0V,)\220\0\0\0\0V\3670\220\0\0\0\0X\25F\20\0\0\0\0X\327\22\220\0\0\0\0Y\365(\20\0\0\0\0Z\266\364\220\0\0\0\0[\325\n\20\0\0\0\0\\\240\21\20\0\0\0\0]\264\354\20\0\0\0\0^\177\363\20\0\0\0\0_\224\316\20\0\0\0\0`_\325\20\0\0\0\0a}\352\220\0\0\0\0b?\267\20\0\0\0\0c]\314\220\0\0\0\0d\37\231\20\0\0\0\0e=\256\220\0\0\0\0f\10\265\220\0\0\0\0g\35\220\220\0\0\0\0g\350\227\220\0\0\0\0h\375r\220\0\0\0\0i\310y\220\0\0\0\0j\335T\220\0\0\0\0k\250[\220\0\0\0\0l\306q\20\0\0\0\0m\210=\220\0\0\0\0n\246S\20\0\0\0\0oh\37\220\0\0\0\0p\2065\20\0\0\0\0qQ<\20\0\0\0\0rf\27\20\0\0\0\0s1\36\20\0\0\0\0tE\371\20\0\0\0\0u\21\0\20\0\0\0\0v/\25\220\0\0\0\0v\360\342\20\0\0\0\0x\16\367\220\0\0\0\0x\320\304\20\0\0\0\0y\356\331\220\0\0\0\0z\260\246\20\0\0\0\0{\316\273\220\0\0\0\0|\231\302\220\0\0\0\0}\256\235\220\0\0\0\0~y\244\220\0\0\0\0\177\216\177\220\1\5\2\3\2\3\2\3\2\3\2\3\2\3\2\3\2\3\4\5\4\5\2\3\2\3\2\3\2\3\2\3\2\3\2\3\2\3\2\3\2\3\2\3\2\3\2\3\4\5\4\5\4\5\6\7\6\7\6\7\6\7\6\7\6\7\6\7\6\7\6\7\6\7\6\7\6\7\6\7\6\7\6\7\6\7\6\7\6\7\6\7\6\7\6\7\6\7\6\7\6\7\6\7\6\7\6\7\6\7\6\7\6\7\6\7\6\7\6\7\6\7\6\7\6\7\6\7\6\7\6\7\6\7\6\7\0\0\30x\0\0\0\0\30x\0\4\0\0*0\1\10\0\0\34 \0\r\0\0*0\1\10\0\0\34 \0\r\0\0*0\1\10\0\0\34 \0\rLMT\0BMT\0EEST\0EET\0\0\0\1\1\0\0\1\1\0\0\0\0\0\0\1\1\nEET-2EEST,M3.5.0/3,M10.5.0/4\n", 4096) = 1379
917600 close(3)                         = 0
917600 getpid()                         = 917600
917600 getppid()                        = 917597
917600 futex(0x7e0cdb5113ec, FUTEX_WAKE_PRIVATE, 2147483647) = 0
917600 futex(0x7e0cdb5113e0, FUTEX_WAKE_PRIVATE, 2147483647) = 0
917600 futex(0x7e0cdb5113d8, FUTEX_WAKE_PRIVATE, 2147483647) = 0
917600 futex(0x7e0cdb5114e0, FUTEX_WAKE_PRIVATE, 2147483647) = 0
917600 futex(0x7e0cdb5113c8, FUTEX_WAKE_PRIVATE, 2147483647) = 0
917600 futex(0x7e0cdb5113c0, FUTEX_WAKE_PRIVATE, 2147483647) = 0
917600 openat(AT_FDCWD, "/proc/sys/crypto/fips_enabled", O_RDONLY) = -1 ENOENT (No such file or directory)
917600 futex(0x7e0cdb5110ec, FUTEX_WAKE_PRIVATE, 2147483647) = 0
917600 futex(0x7e0cdb510f08, FUTEX_WAKE_PRIVATE, 2147483647) = 0
917600 futex(0x7e0cdb510e44, FUTEX_WAKE_PRIVATE, 2147483647) = 0
917600 futex(0x7e0cdb511424, FUTEX_WAKE_PRIVATE, 2147483647) = 0
917600 futex(0x7e0cdb510e38, FUTEX_WAKE_PRIVATE, 2147483647) = 0
917600 futex(0x7e0cdb5113d0, FUTEX_WAKE_PRIVATE, 2147483647) = 0
917600 openat(AT_FDCWD, "/usr/lib/ssl/openssl.cnf", O_RDONLY) = 3
917600 fstat(3, {st_mode=S_IFREG|0644, st_size=12324, ...}) = 0
917600 read(3, "#\n# OpenSSL example configuration file.\n# See doc/man5/config.pod for more info.\n#\n# This is mostly being used for generation of certificate requests,\n# but may be used for auto loading of providers\n\n# Note that you can include other files from the main configuration\n# file using the .include directive.\n#.include filename\n\n# This definition stops the following lines choking if HOME isn't\n# defined.\nHOME\t\t\t= .\n\n # Use this in order to automatically load providers.\nopenssl_conf = openssl_init\n\n# Comment out the next line to ignore configuration errors\nconfig_diagnostics = 1\n\n# Extra OBJECT IDENTIFIER info:\n# oid_file       = $ENV::HOME/.oid\noid_section = new_oids\n\n# To use this configuration file with the \"-extfile\" option of the\n# \"openssl x509\" utility, name here the section containing the\n# X.509v3 extensions to use:\n# extensions\t\t=\n# (Alternatively, use a configuration file that has only\n# X.509v3 extensions in its main [= default] section.)\n\n[ new_oids ]\n# We can add new OIDs in here for use by 'ca', 'req' and 'ts'.\n# Add a simple OID like this:\n# testoid1=1.2.3.4\n# Or use config file substitution like this:\n# testoid2=${testoid1}.5.6\n\n# Policies used by the TSA examples.\ntsa_policy1 = 1.2.3.4.1\ntsa_policy2 = 1.2.3.4.5.6\ntsa_policy3 = 1.2.3.4.5.7\n\n# For FIPS\n# Optionally include a file that is generated by the OpenSSL fipsinstall\n# application. This file contains configuration data required by the OpenSSL\n# fips provider. It contains a named section e.g. [fips_sect] which "..., 4096) = 4096
917600 read(3, "d attributes must be the same, and the optional\n# and supplied fields are just that :-)\npolicy\t\t= policy_match\n\n# For the CA policy\n[ policy_match ]\ncountryName\t\t= match\nstateOrProvinceName\t= match\norganizationName\t= match\norganizationalUnitName\t= optional\ncommonName\t\t= supplied\nemailAddress\t\t= optional\n\n# For the 'anything' policy\n# At this point in time, you must list all acceptable 'object'\n# types.\n[ policy_anything ]\ncountryName\t\t= optional\nstateOrProvinceName\t= optional\nlocalityName\t\t= optional\norganizationName\t= optional\norganizationalUnitName\t= optional\ncommonName\t\t= supplied\nemailAddress\t\t= optional\n\n####################################################################\n[ req ]\ndefault_bits\t\t= 2048\ndefault_keyfile \t= privkey.pem\ndistinguished_name\t= req_distinguished_name\nattributes\t\t= req_attributes\nx509_extensions\t= v3_ca\t# The extensions to add to the self signed cert\n\n# Passwords for private keys if not present they will be prompted for\n# input_password = secret\n# output_password = secret\n\n# This sets a mask for permitted string types. There are several options.\n# default: PrintableString, T61String, BMPString.\n# pkix\t : PrintableString, BMPString (PKIX recommendation before 2004)\n# utf8only: only UTF8Strings (PKIX recommendation after 2004).\n# nombstr : PrintableString, T61String (no BMPStrings or UTF8Strings).\n# MASK:XXXX a literal mask value.\n# WARNING: ancient versions of Netscape crash on BMPStrings or UTF8Strings.\nstring_mask = utf8only\n\n# req_extensions = v3"..., 4096) = 4096
917600 read(3, "coding of an extension: beware experts only!\n# obj=DER:02:03\n# Where 'obj' is a standard or added object\n# You can even override a supported extension:\n# basicConstraints= critical, DER:30:03:01:01:FF\n\n[ crl_ext ]\n\n# CRL extensions.\n# Only issuerAltName and authorityKeyIdentifier make any sense in a CRL.\n\n# issuerAltName=issuer:copy\nauthorityKeyIdentifier=keyid:always\n\n[ proxy_cert_ext ]\n# These extensions should be added when creating a proxy certificate\n\n# This goes against PKIX guidelines but some CAs do it and some software\n# requires this to avoid interpreting an end user certificate as a CA.\n\nbasicConstraints=CA:FALSE\n\n# This is typical in keyUsage for a client certificate.\n# keyUsage = nonRepudiation, digitalSignature, keyEncipherment\n\n# PKIX recommendations harmless if included in all certificates.\nsubjectKeyIdentifier=hash\nauthorityKeyIdentifier=keyid,issuer\n\n# This stuff is for subjectAltName and issuerAltname.\n# Import the email address.\n# subjectAltName=email:copy\n# An alternative to produce certificates that aren't\n# deprecated according to PKIX.\n# subjectAltName=email:move\n\n# Copy subject details\n# issuerAltName=issuer:copy\n\n# This really needs to be in place for it to be a proxy certificate.\nproxyCertInfo=critical,language:id-ppl-anyLanguage,pathlen:3,policy:foo\n\n####################################################################\n[ tsa ]\n\ndefault_tsa = tsa_config1\t# the default TSA section\n\n[ tsa_config1 ]\n\n# These are used by the TSA reply generation only.\ndi"..., 4096) = 4096
917600 read(3, " = $insta::certout # insta.cert.pem\n", 4096) = 36
917600 read(3, "", 4096)                = 0
917600 close(3)                         = 0
917600 futex(0x7e0cdb510bf8, FUTEX_WAKE_PRIVATE, 2147483647) = 0
917600 futex(0x7e0cdb510c54, FUTEX_WAKE_PRIVATE, 2147483647) = 0
917600 futex(0x7e0cdb511394, FUTEX_WAKE_PRIVATE, 2147483647) = 0
917600 futex(0x7e0cdb510bd8, FUTEX_WAKE_PRIVATE, 2147483647) = 0
917600 futex(0x7e0cdb5113b8, FUTEX_WAKE_PRIVATE, 2147483647) = 0
917600 futex(0x7e0cdb787844, FUTEX_WAKE_PRIVATE, 2147483647) = 0
917600 futex(0x7e0cdb787864, FUTEX_WAKE_PRIVATE, 2147483647) = 0
917600 uname({sysname="Linux", nodename="eve", ...}) = 0
917600 openat(AT_FDCWD, "/sys/devices/system/cpu/online", O_RDONLY|O_CLOEXEC) = 3
917600 read(3, "0-31\n", 1024)          = 5
917600 close(3)                         = 0
917600 prlimit64(0, RLIMIT_NOFILE, NULL, {rlim_cur=1024, rlim_max=1024*1024}) = 0
917600 newfstatat(AT_FDCWD, "/etc/localtime", {st_mode=S_IFREG|0644, st_size=2184, ...}, 0) = 0
917600 uname({sysname="Linux", nodename="eve", ...}) = 0
917600 brk(0x602c3e67d000)              = 0x602c3e67d000
917600 openat(AT_FDCWD, "./nginx.conf", O_RDONLY) = 3
917600 fstat(3, {st_mode=S_IFREG|0644, st_size=465, ...}) = 0
917600 pread64(3, "worker_processes 1;\nerror_log stderr;\ndaemon off;\npid nginx.pid;\n\nevents {\n  worker_connections  1024;\n}\n\nhttp {\n  include             mime.types;\n  default_type        application/octet-stream;\n\n  sendfile on;\n\n  keepalive_timeout   65;\n\n  ssl_protocols TLSv1 TLSv1.1 TLSv1.2; \n  ssl_prefer_server_ciphers on;\n  access_log access.log;\n  server {\n    listen            8080;\n    server_name       localhost;\n    \n    index index.html;\n\n    location / {\n    }\n  }\n}\n", 465, 0) = 465
917600 epoll_create(100)                = 4
917600 close(4)                         = 0
917600 openat(AT_FDCWD, "./mime.types", O_RDONLY) = 4
917600 fstat(4, {st_mode=S_IFREG|0644, st_size=5465, ...}) = 0
917600 pread64(4, "\ntypes {\n    text/html                                        html htm shtml;\n    text/css                                         css;\n    text/xml                                         xml;\n    image/gif                                        gif;\n    image/jpeg                                       jpeg jpg;\n    application/javascript                           js;\n    application/atom+xml                             atom;\n    application/rss+xml                              rss;\n\n    text/mathml                                      mml;\n    text/plain                                       txt;\n    text/vnd.sun.j2me.app-descriptor                 jad;\n    text/vnd.wap.wml                                 wml;\n    text/x-component                                 htc;\n\n    image/avif                                       avif;\n    image/png                                        png;\n    image/svg+xml                                    svg svgz;\n    image/tiff                                       tif tiff;\n    image/vnd.wap.wbmp                               wbmp;\n    image/webp                                       webp;\n    image/x-icon                                     ico;\n    image/x-jng                                      jng;\n    image/x-ms-bmp                                   bmp;\n\n    font/woff                                        woff;\n    font/woff2                                       woff2;\n\n    application/java-archive                         jar war ea"..., 4096, 0) = 4096
917600 pread64(4, " application/octet-stream                         deb;\n    application/octet-stream                         dmg;\n    application/octet-stream                         iso img;\n    application/octet-stream                         msi msp msm;\n\n    audio/midi                                       mid midi kar;\n    audio/mpeg                                       mp3;\n    audio/ogg                                        ogg;\n    audio/x-m4a                                      m4a;\n    audio/x-realaudio                                ra;\n\n    video/3gpp                                       3gpp 3gp;\n    video/mp2t                                       ts;\n    video/mp4                                        mp4;\n    video/mpeg                                       mpeg mpg;\n    video/ogg                                        ogv;\n    video/quicktime                                  mov;\n    video/webm                                       webm;\n    video/x-flv                                      flv;\n    video/x-m4v                                      m4v;\n    video/x-matroska                                 mkv;\n    video/x-mng                                      mng;\n    video/x-ms-asf                                   asx asf;\n    video/x-ms-wmv                                   wmv;\n    video/x-msvideo                                  avi;\n}\n", 1369, 4096) = 1369
917600 close(4)                         = 0
917600 close(3)                         = 0
917600 geteuid()                        = 1000
917600 mkdir("/var/lib/nginx/body", 0700) = -1 EEXIST (File exists)
917600 mkdir("/var/lib/nginx/proxy", 0700) = -1 EEXIST (File exists)
917600 mkdir("/var/lib/nginx/fastcgi", 0700) = -1 EEXIST (File exists)
917600 mkdir("/var/lib/nginx/uwsgi", 0700) = -1 EEXIST (File exists)
917600 mkdir("/var/lib/nginx/scgi", 0700) = -1 EEXIST (File exists)
917600 openat(AT_FDCWD, "./access.log", O_WRONLY|O_CREAT|O_APPEND, 0644) = 3
917600 fcntl(3, F_SETFD, FD_CLOEXEC)    = 0
917600 socket(AF_INET, SOCK_STREAM, IPPROTO_IP) = 4
917600 setsockopt(4, SOL_SOCKET, SO_REUSEADDR, [1], 4) = 0
917600 ioctl(4, FIONBIO, [1])           = 0
917600 bind(4, {sa_family=AF_INET, sin_port=htons(8080), sin_addr=inet_addr("0.0.0.0")}, 16) = 0
917600 listen(4, 511)                   = 0
917600 listen(4, 511)                   = 0
917600 prlimit64(0, RLIMIT_NOFILE, NULL, {rlim_cur=1024, rlim_max=1024*1024}) = 0
917600 mmap(NULL, 1280, PROT_READ|PROT_WRITE, MAP_SHARED|MAP_ANONYMOUS, -1, 0) = 0x7e0cdb874000
917600 rt_sigaction(SIGHUP, {sa_handler=0x602c13049960, sa_mask=[], sa_flags=SA_RESTORER|SA_SIGINFO, sa_restorer=0x7e0cdac45330}, NULL, 8) = 0
917600 rt_sigaction(SIGUSR1, {sa_handler=0x602c13049960, sa_mask=[], sa_flags=SA_RESTORER|SA_SIGINFO, sa_restorer=0x7e0cdac45330}, NULL, 8) = 0
917600 rt_sigaction(SIGWINCH, {sa_handler=0x602c13049960, sa_mask=[], sa_flags=SA_RESTORER|SA_SIGINFO, sa_restorer=0x7e0cdac45330}, NULL, 8) = 0
917600 rt_sigaction(SIGTERM, {sa_handler=0x602c13049960, sa_mask=[], sa_flags=SA_RESTORER|SA_SIGINFO, sa_restorer=0x7e0cdac45330}, NULL, 8) = 0
917600 rt_sigaction(SIGQUIT, {sa_handler=0x602c13049960, sa_mask=[], sa_flags=SA_RESTORER|SA_SIGINFO, sa_restorer=0x7e0cdac45330}, NULL, 8) = 0
917600 rt_sigaction(SIGUSR2, {sa_handler=0x602c13049960, sa_mask=[], sa_flags=SA_RESTORER|SA_SIGINFO, sa_restorer=0x7e0cdac45330}, NULL, 8) = 0
917600 rt_sigaction(SIGALRM, {sa_handler=0x602c13049960, sa_mask=[], sa_flags=SA_RESTORER|SA_SIGINFO, sa_restorer=0x7e0cdac45330}, NULL, 8) = 0
917600 rt_sigaction(SIGINT, {sa_handler=0x602c13049960, sa_mask=[], sa_flags=SA_RESTORER|SA_SIGINFO, sa_restorer=0x7e0cdac45330}, NULL, 8) = 0
917600 rt_sigaction(SIGIO, {sa_handler=0x602c13049960, sa_mask=[], sa_flags=SA_RESTORER|SA_SIGINFO, sa_restorer=0x7e0cdac45330}, NULL, 8) = 0
917600 rt_sigaction(SIGCHLD, {sa_handler=0x602c13049960, sa_mask=[], sa_flags=SA_RESTORER|SA_SIGINFO, sa_restorer=0x7e0cdac45330}, NULL, 8) = 0
917600 rt_sigaction(SIGSYS, {sa_handler=SIG_IGN, sa_mask=[], sa_flags=SA_RESTORER, sa_restorer=0x7e0cdac45330}, NULL, 8) = 0
917600 rt_sigaction(SIGPIPE, {sa_handler=SIG_IGN, sa_mask=[], sa_flags=SA_RESTORER, sa_restorer=0x7e0cdac45330}, NULL, 8) = 0
917600 openat(AT_FDCWD, "./nginx.pid", O_RDWR|O_CREAT|O_TRUNC, 0644) = 5
917600 pwrite64(5, "917600\n", 7, 0)    = 7
917600 close(5)                         = 0
917600 rt_sigprocmask(SIG_BLOCK, [HUP INT QUIT USR1 USR2 ALRM TERM CHLD WINCH IO], NULL, 8) = 0
917600 socketpair(AF_UNIX, SOCK_STREAM, 0, [5, 6]) = 0
917600 ioctl(5, FIONBIO, [1])           = 0
917600 ioctl(6, FIONBIO, [1])           = 0
917600 ioctl(5, FIOASYNC, [1])          = 0
917600 fcntl(5, F_SETOWN, 917600)       = 0
917600 fcntl(5, F_SETFD, FD_CLOEXEC)    = 0
917600 fcntl(6, F_SETFD, FD_CLOEXEC)    = 0
917600 clone(child_stack=NULL, flags=CLONE_CHILD_CLEARTID|CLONE_CHILD_SETTID|SIGCHLD, child_tidptr=0x7e0cdb6bda10) = 917601
917600 rt_sigsuspend([], 8 <unfinished ...>
917601 set_robust_list(0x7e0cdb6bda20, 24) = 0
917601 getpid()                         = 917601
917601 geteuid()                        = 1000
917601 prctl(PR_SET_DUMPABLE, SUID_DUMP_USER) = 0
917601 rt_sigprocmask(SIG_SETMASK, [], NULL, 8) = 0
917601 epoll_create(512)                = 7
917601 eventfd2(0, 0)                   = 8
917601 epoll_ctl(7, EPOLL_CTL_ADD, 8, {events=EPOLLIN|EPOLLET, data={u32=320156256, u64=105742414983776}}) = 0
917601 socketpair(AF_UNIX, SOCK_STREAM, 0, [9, 10]) = 0
917601 epoll_ctl(7, EPOLL_CTL_ADD, 9, {events=EPOLLIN|EPOLLRDHUP|EPOLLET, data={u32=320156256, u64=105742414983776}}) = 0
917601 close(10)                        = 0
917601 epoll_wait(7, [{events=EPOLLIN|EPOLLHUP|EPOLLRDHUP, data={u32=320156256, u64=105742414983776}}], 1, 5000) = 1
917601 close(9)                         = 0
917601 mmap(NULL, 249856, PROT_READ|PROT_WRITE, MAP_PRIVATE|MAP_ANONYMOUS, -1, 0) = 0x7e0cdb680000
917601 brk(0x602c3e6b5000)              = 0x602c3e6b5000
917601 epoll_ctl(7, EPOLL_CTL_ADD, 4, {events=EPOLLIN|EPOLLRDHUP, data={u32=3681026064, u64=138593685733392}}) = 0
917601 close(5)                         = 0
917601 epoll_ctl(7, EPOLL_CTL_ADD, 6, {events=EPOLLIN|EPOLLRDHUP, data={u32=3681026304, u64=138593685733632}}) = 0
917601 epoll_wait(7,  <unfinished ...>
917600 <... rt_sigsuspend resumed>)     = ? ERESTARTNOHAND (To be restarted if no handler)
917601 <... epoll_wait resumed>0x602c3e6616a0, 512, -1) = -1 EINTR (Interrupted system call)
917600 --- SIGINT {si_signo=SIGINT, si_code=SI_KERNEL} ---
917601 --- SIGINT {si_signo=SIGINT, si_code=SI_KERNEL} ---
917600 rt_sigreturn({mask=[HUP INT QUIT USR1 USR2 ALRM TERM CHLD WINCH IO]} <unfinished ...>
917601 rt_sigreturn({mask=[]} <unfinished ...>
917600 <... rt_sigreturn resumed>)      = -1 EINTR (Interrupted system call)
917601 <... rt_sigreturn resumed>)      = -1 EINTR (Interrupted system call)
917600 sendmsg(5, {msg_name=NULL, msg_namelen=0, msg_iov=[{iov_base="\4\0\0\0\0\0\0\0\0\0\0\0\0\0\0\0\0\0\0\0\0\0\0\0\377\377\377\377\0\0\0\0", iov_len=32}], msg_iovlen=1, msg_controllen=0, msg_flags=0}, 0) = 32
917600 setitimer(ITIMER_REAL, {it_interval={tv_sec=0, tv_usec=0}, it_value={tv_sec=0, tv_usec=50000}}, NULL) = 0
917600 rt_sigsuspend([], 8 <unfinished ...>
917601 exit_group(0)                    = ?
917601 +++ exited with 0 +++
917600 <... rt_sigsuspend resumed>)     = ? ERESTARTNOHAND (To be restarted if no handler)
917600 --- SIGCHLD {si_signo=SIGCHLD, si_code=CLD_EXITED, si_pid=917601, si_uid=1000, si_status=0, si_utime=0, si_stime=0} ---
917600 wait4(-1, [{WIFEXITED(s) && WEXITSTATUS(s) == 0}], WNOHANG, NULL) = 917601
917600 wait4(-1, 0x7ffe71314d34, WNOHANG, NULL) = -1 ECHILD (No child processes)
917600 rt_sigreturn({mask=[HUP INT QUIT USR1 USR2 ALRM TERM CHLD WINCH IO]}) = -1 EINTR (Interrupted system call)
917600 close(5)                         = 0
917600 close(6)                         = 0
917600 unlink("./nginx.pid")            = 0
917600 close(4)                         = 0
917600 brk(0x602c3e675000)              = 0x602c3e675000
917600 exit_group(0)                    = ?
917600 +++ exited with 0 +++
